CRITICAL - 2024-02-03 03:23:26 --> CodeIgniter\View\Exceptions\ViewException: Invalid file: "layout/template.php"
in SYSTEMPATH/Exceptions/FrameworkException.php on line 39.
 1 SYSTEMPATH/View/View.php(216): CodeIgniter\Exceptions\FrameworkException::forInvalidFile()
 2 SYSTEMPATH/View/View.php(244): CodeIgniter\View\View->render()
 3 SYSTEMPATH/Common.php(1178): CodeIgniter\View\View->render()
 4 APPPATH/Controllers/Home.php(33): view()
 5 SYSTEMPATH/CodeIgniter.php(941): App\Controllers\Home->dashboard()
 6 SYSTEMPATH/CodeIgniter.php(502): CodeIgniter\CodeIgniter->runController()
 7 SYSTEMPATH/CodeIgniter.php(361): CodeIgniter\CodeIgniter->handleRequest()
 8 FCPATH/index.php(79): CodeIgniter\CodeIgniter->run()
 9 SYSTEMPATH/Commands/Server/rewrite.php(47): require_once('/home/jojo/Documents/GitHub/Kasir/public/index.php')
CRITICAL - 2024-02-03 03:23:43 --> CodeIgniter\View\Exceptions\ViewException: Invalid file: "layout/template.php"
in SYSTEMPATH/Exceptions/FrameworkException.php on line 39.
 1 SYSTEMPATH/View/View.php(216): CodeIgniter\Exceptions\FrameworkException::forInvalidFile()
 2 SYSTEMPATH/View/View.php(244): CodeIgniter\View\View->render()
 3 SYSTEMPATH/Common.php(1178): CodeIgniter\View\View->render()
 4 APPPATH/Controllers/Home.php(33): view()
 5 SYSTEMPATH/CodeIgniter.php(941): App\Controllers\Home->dashboard()
 6 SYSTEMPATH/CodeIgniter.php(502): CodeIgniter\CodeIgniter->runController()
 7 SYSTEMPATH/CodeIgniter.php(361): CodeIgniter\CodeIgniter->handleRequest()
 8 FCPATH/index.php(79): CodeIgniter\CodeIgniter->run()
 9 SYSTEMPATH/Commands/Server/rewrite.php(47): require_once('/home/jojo/Documents/GitHub/Kasir/public/index.php')
CRITICAL - 2024-02-03 03:23:44 --> CodeIgniter\View\Exceptions\ViewException: Invalid file: "layout/template.php"
in SYSTEMPATH/Exceptions/FrameworkException.php on line 39.
 1 SYSTEMPATH/View/View.php(216): CodeIgniter\Exceptions\FrameworkException::forInvalidFile()
 2 SYSTEMPATH/View/View.php(244): CodeIgniter\View\View->render()
 3 SYSTEMPATH/Common.php(1178): CodeIgniter\View\View->render()
 4 APPPATH/Controllers/Home.php(33): view()
 5 SYSTEMPATH/CodeIgniter.php(941): App\Controllers\Home->dashboard()
 6 SYSTEMPATH/CodeIgniter.php(502): CodeIgniter\CodeIgniter->runController()
 7 SYSTEMPATH/CodeIgniter.php(361): CodeIgniter\CodeIgniter->handleRequest()
 8 FCPATH/index.php(79): CodeIgniter\CodeIgniter->run()
 9 SYSTEMPATH/Commands/Server/rewrite.php(47): require_once('/home/jojo/Documents/GitHub/Kasir/public/index.php')
CRITICAL - 2024-02-03 03:23:46 --> CodeIgniter\View\Exceptions\ViewException: Invalid file: "layout/template.php"
in SYSTEMPATH/Exceptions/FrameworkException.php on line 39.
 1 SYSTEMPATH/View/View.php(216): CodeIgniter\Exceptions\FrameworkException::forInvalidFile()
 2 SYSTEMPATH/View/View.php(244): CodeIgniter\View\View->render()
 3 SYSTEMPATH/Common.php(1178): CodeIgniter\View\View->render()
 4 APPPATH/Controllers/Home.php(33): view()
 5 SYSTEMPATH/CodeIgniter.php(941): App\Controllers\Home->dashboard()
 6 SYSTEMPATH/CodeIgniter.php(502): CodeIgniter\CodeIgniter->runController()
 7 SYSTEMPATH/CodeIgniter.php(361): CodeIgniter\CodeIgniter->handleRequest()
 8 FCPATH/index.php(79): CodeIgniter\CodeIgniter->run()
 9 SYSTEMPATH/Commands/Server/rewrite.php(47): require_once('/home/jojo/Documents/GitHub/Kasir/public/index.php')
CRITICAL - 2024-02-03 03:24:54 --> CodeIgniter\View\Exceptions\ViewException: Invalid file: "layout/template.php"
in SYSTEMPATH/Exceptions/FrameworkException.php on line 39.
 1 SYSTEMPATH/View/View.php(216): CodeIgniter\Exceptions\FrameworkException::forInvalidFile()
 2 SYSTEMPATH/View/View.php(244): CodeIgniter\View\View->render()
 3 SYSTEMPATH/Common.php(1178): CodeIgniter\View\View->render()
 4 APPPATH/Controllers/Home.php(33): view()
 5 SYSTEMPATH/CodeIgniter.php(941): App\Controllers\Home->dashboard()
 6 SYSTEMPATH/CodeIgniter.php(502): CodeIgniter\CodeIgniter->runController()
 7 SYSTEMPATH/CodeIgniter.php(361): CodeIgniter\CodeIgniter->handleRequest()
 8 FCPATH/index.php(79): CodeIgniter\CodeIgniter->run()
 9 SYSTEMPATH/Commands/Server/rewrite.php(47): require_once('/home/jojo/Documents/GitHub/Kasir/public/index.php')
CRITICAL - 2024-02-03 03:24:55 --> CodeIgniter\View\Exceptions\ViewException: Invalid file: "layout/template.php"
in SYSTEMPATH/Exceptions/FrameworkException.php on line 39.
 1 SYSTEMPATH/View/View.php(216): CodeIgniter\Exceptions\FrameworkException::forInvalidFile()
 2 SYSTEMPATH/View/View.php(244): CodeIgniter\View\View->render()
 3 SYSTEMPATH/Common.php(1178): CodeIgniter\View\View->render()
 4 APPPATH/Controllers/Home.php(33): view()
 5 SYSTEMPATH/CodeIgniter.php(941): App\Controllers\Home->dashboard()
 6 SYSTEMPATH/CodeIgniter.php(502): CodeIgniter\CodeIgniter->runController()
 7 SYSTEMPATH/CodeIgniter.php(361): CodeIgniter\CodeIgniter->handleRequest()
 8 FCPATH/index.php(79): CodeIgniter\CodeIgniter->run()
 9 SYSTEMPATH/Commands/Server/rewrite.php(47): require_once('/home/jojo/Documents/GitHub/Kasir/public/index.php')
CRITICAL - 2024-02-03 03:24:55 --> CodeIgniter\View\Exceptions\ViewException: Invalid file: "layout/template.php"
in SYSTEMPATH/Exceptions/FrameworkException.php on line 39.
 1 SYSTEMPATH/View/View.php(216): CodeIgniter\Exceptions\FrameworkException::forInvalidFile()
 2 SYSTEMPATH/View/View.php(244): CodeIgniter\View\View->render()
 3 SYSTEMPATH/Common.php(1178): CodeIgniter\View\View->render()
 4 APPPATH/Controllers/Home.php(33): view()
 5 SYSTEMPATH/CodeIgniter.php(941): App\Controllers\Home->dashboard()
 6 SYSTEMPATH/CodeIgniter.php(502): CodeIgniter\CodeIgniter->runController()
 7 SYSTEMPATH/CodeIgniter.php(361): CodeIgniter\CodeIgniter->handleRequest()
 8 FCPATH/index.php(79): CodeIgniter\CodeIgniter->run()
 9 SYSTEMPATH/Commands/Server/rewrite.php(47): require_once('/home/jojo/Documents/GitHub/Kasir/public/index.php')
CRITICAL - 2024-02-03 03:24:56 --> CodeIgniter\View\Exceptions\ViewException: Invalid file: "layout/template.php"
in SYSTEMPATH/Exceptions/FrameworkException.php on line 39.
 1 SYSTEMPATH/View/View.php(216): CodeIgniter\Exceptions\FrameworkException::forInvalidFile()
 2 SYSTEMPATH/View/View.php(244): CodeIgniter\View\View->render()
 3 SYSTEMPATH/Common.php(1178): CodeIgniter\View\View->render()
 4 APPPATH/Controllers/Home.php(33): view()
 5 SYSTEMPATH/CodeIgniter.php(941): App\Controllers\Home->dashboard()
 6 SYSTEMPATH/CodeIgniter.php(502): CodeIgniter\CodeIgniter->runController()
 7 SYSTEMPATH/CodeIgniter.php(361): CodeIgniter\CodeIgniter->handleRequest()
 8 FCPATH/index.php(79): CodeIgniter\CodeIgniter->run()
 9 SYSTEMPATH/Commands/Server/rewrite.php(47): require_once('/home/jojo/Documents/GitHub/Kasir/public/index.php')
CRITICAL - 2024-02-03 03:24:57 --> CodeIgniter\View\Exceptions\ViewException: Invalid file: "layout/template.php"
in SYSTEMPATH/Exceptions/FrameworkException.php on line 39.
 1 SYSTEMPATH/View/View.php(216): CodeIgniter\Exceptions\FrameworkException::forInvalidFile()
 2 SYSTEMPATH/View/View.php(244): CodeIgniter\View\View->render()
 3 SYSTEMPATH/Common.php(1178): CodeIgniter\View\View->render()
 4 APPPATH/Controllers/Home.php(33): view()
 5 SYSTEMPATH/CodeIgniter.php(941): App\Controllers\Home->dashboard()
 6 SYSTEMPATH/CodeIgniter.php(502): CodeIgniter\CodeIgniter->runController()
 7 SYSTEMPATH/CodeIgniter.php(361): CodeIgniter\CodeIgniter->handleRequest()
 8 FCPATH/index.php(79): CodeIgniter\CodeIgniter->run()
 9 SYSTEMPATH/Commands/Server/rewrite.php(47): require_once('/home/jojo/Documents/GitHub/Kasir/public/index.php')
CRITICAL - 2024-02-03 03:24:58 --> CodeIgniter\View\Exceptions\ViewException: Invalid file: "layout/template.php"
in SYSTEMPATH/Exceptions/FrameworkException.php on line 39.
 1 SYSTEMPATH/View/View.php(216): CodeIgniter\Exceptions\FrameworkException::forInvalidFile()
 2 SYSTEMPATH/View/View.php(244): CodeIgniter\View\View->render()
 3 SYSTEMPATH/Common.php(1178): CodeIgniter\View\View->render()
 4 APPPATH/Controllers/Home.php(33): view()
 5 SYSTEMPATH/CodeIgniter.php(941): App\Controllers\Home->dashboard()
 6 SYSTEMPATH/CodeIgniter.php(502): CodeIgniter\CodeIgniter->runController()
 7 SYSTEMPATH/CodeIgniter.php(361): CodeIgniter\CodeIgniter->handleRequest()
 8 FCPATH/index.php(79): CodeIgniter\CodeIgniter->run()
 9 SYSTEMPATH/Commands/Server/rewrite.php(47): require_once('/home/jojo/Documents/GitHub/Kasir/public/index.php')
CRITICAL - 2024-02-03 03:24:58 --> CodeIgniter\View\Exceptions\ViewException: Invalid file: "layout/template.php"
in SYSTEMPATH/Exceptions/FrameworkException.php on line 39.
 1 SYSTEMPATH/View/View.php(216): CodeIgniter\Exceptions\FrameworkException::forInvalidFile()
 2 SYSTEMPATH/View/View.php(244): CodeIgniter\View\View->render()
 3 SYSTEMPATH/Common.php(1178): CodeIgniter\View\View->render()
 4 APPPATH/Controllers/Home.php(33): view()
 5 SYSTEMPATH/CodeIgniter.php(941): App\Controllers\Home->dashboard()
 6 SYSTEMPATH/CodeIgniter.php(502): CodeIgniter\CodeIgniter->runController()
 7 SYSTEMPATH/CodeIgniter.php(361): CodeIgniter\CodeIgniter->handleRequest()
 8 FCPATH/index.php(79): CodeIgniter\CodeIgniter->run()
 9 SYSTEMPATH/Commands/Server/rewrite.php(47): require_once('/home/jojo/Documents/GitHub/Kasir/public/index.php')
CRITICAL - 2024-02-03 03:24:59 --> CodeIgniter\View\Exceptions\ViewException: Invalid file: "layout/template.php"
in SYSTEMPATH/Exceptions/FrameworkException.php on line 39.
 1 SYSTEMPATH/View/View.php(216): CodeIgniter\Exceptions\FrameworkException::forInvalidFile()
 2 SYSTEMPATH/View/View.php(244): CodeIgniter\View\View->render()
 3 SYSTEMPATH/Common.php(1178): CodeIgniter\View\View->render()
 4 APPPATH/Controllers/Home.php(33): view()
 5 SYSTEMPATH/CodeIgniter.php(941): App\Controllers\Home->dashboard()
 6 SYSTEMPATH/CodeIgniter.php(502): CodeIgniter\CodeIgniter->runController()
 7 SYSTEMPATH/CodeIgniter.php(361): CodeIgniter\CodeIgniter->handleRequest()
 8 FCPATH/index.php(79): CodeIgniter\CodeIgniter->run()
 9 SYSTEMPATH/Commands/Server/rewrite.php(47): require_once('/home/jojo/Documents/GitHub/Kasir/public/index.php')
CRITICAL - 2024-02-03 03:25:02 --> CodeIgniter\View\Exceptions\ViewException: Invalid file: "layout/template.php"
in SYSTEMPATH/Exceptions/FrameworkException.php on line 39.
 1 SYSTEMPATH/View/View.php(216): CodeIgniter\Exceptions\FrameworkException::forInvalidFile()
 2 SYSTEMPATH/View/View.php(244): CodeIgniter\View\View->render()
 3 SYSTEMPATH/Common.php(1178): CodeIgniter\View\View->render()
 4 APPPATH/Controllers/Home.php(33): view()
 5 SYSTEMPATH/CodeIgniter.php(941): App\Controllers\Home->dashboard()
 6 SYSTEMPATH/CodeIgniter.php(502): CodeIgniter\CodeIgniter->runController()
 7 SYSTEMPATH/CodeIgniter.php(361): CodeIgniter\CodeIgniter->handleRequest()
 8 FCPATH/index.php(79): CodeIgniter\CodeIgniter->run()
 9 SYSTEMPATH/Commands/Server/rewrite.php(47): require_once('/home/jojo/Documents/GitHub/Kasir/public/index.php')
