INFO - 2024-02-22 03:38:20 --> Session: Class initialized using 'CodeIgniter\Session\Handlers\FileHandler' driver.
INFO - 2024-02-22 03:38:20 --> Session: Class initialized using 'CodeIgniter\Session\Handlers\FileHandler' driver.
INFO - 2024-02-22 03:38:41 --> Session: Class initialized using 'CodeIgniter\Session\Handlers\FileHandler' driver.
INFO - 2024-02-22 03:38:41 --> Session: Class initialized using 'CodeIgniter\Session\Handlers\FileHandler' driver.
INFO - 2024-02-22 03:38:46 --> Session: Class initialized using 'CodeIgniter\Session\Handlers\FileHandler' driver.
WARNING - 2024-02-22 03:38:46 --> [DEPRECATED] Creation of dynamic property App\Controllers\Kategori::$kategori is deprecated in APPPATH/Controllers/Kategori.php on line 11.
 1 SYSTEMPATH/CodeIgniter.php(913): App\Controllers\Kategori->__construct()
 2 SYSTEMPATH/CodeIgniter.php(493): CodeIgniter\CodeIgniter->createController()
 3 SYSTEMPATH/CodeIgniter.php(361): CodeIgniter\CodeIgniter->handleRequest(null, Object(Config\Cache), false)
 4 FCPATH/index.php(79): CodeIgniter\CodeIgniter->run()
 5 SYSTEMPATH/Commands/Server/rewrite.php(47): require_once('/home/jojo/Documents/GitHub/Kasir/public/index.php')
INFO - 2024-02-22 03:38:49 --> Session: Class initialized using 'CodeIgniter\Session\Handlers\FileHandler' driver.
WARNING - 2024-02-22 03:38:49 --> [DEPRECATED] Creation of dynamic property App\Controllers\Produk::$produk is deprecated in APPPATH/Controllers/Produk.php on line 13.
 1 SYSTEMPATH/CodeIgniter.php(913): App\Controllers\Produk->__construct()
 2 SYSTEMPATH/CodeIgniter.php(493): CodeIgniter\CodeIgniter->createController()
 3 SYSTEMPATH/CodeIgniter.php(361): CodeIgniter\CodeIgniter->handleRequest(null, Object(Config\Cache), false)
 4 FCPATH/index.php(79): CodeIgniter\CodeIgniter->run()
 5 SYSTEMPATH/Commands/Server/rewrite.php(47): require_once('/home/jojo/Documents/GitHub/Kasir/public/index.php')
WARNING - 2024-02-22 03:38:49 --> [DEPRECATED] Creation of dynamic property App\Controllers\Produk::$kategori is deprecated in APPPATH/Controllers/Produk.php on line 14.
 1 SYSTEMPATH/CodeIgniter.php(913): App\Controllers\Produk->__construct()
 2 SYSTEMPATH/CodeIgniter.php(493): CodeIgniter\CodeIgniter->createController()
 3 SYSTEMPATH/CodeIgniter.php(361): CodeIgniter\CodeIgniter->handleRequest(null, Object(Config\Cache), false)
 4 FCPATH/index.php(79): CodeIgniter\CodeIgniter->run()
 5 SYSTEMPATH/Commands/Server/rewrite.php(47): require_once('/home/jojo/Documents/GitHub/Kasir/public/index.php')
WARNING - 2024-02-22 03:38:49 --> [DEPRECATED] Creation of dynamic property App\Controllers\Produk::$satuan is deprecated in APPPATH/Controllers/Produk.php on line 15.
 1 SYSTEMPATH/CodeIgniter.php(913): App\Controllers\Produk->__construct()
 2 SYSTEMPATH/CodeIgniter.php(493): CodeIgniter\CodeIgniter->createController()
 3 SYSTEMPATH/CodeIgniter.php(361): CodeIgniter\CodeIgniter->handleRequest(null, Object(Config\Cache), false)
 4 FCPATH/index.php(79): CodeIgniter\CodeIgniter->run()
 5 SYSTEMPATH/Commands/Server/rewrite.php(47): require_once('/home/jojo/Documents/GitHub/Kasir/public/index.php')
INFO - 2024-02-22 03:38:51 --> Session: Class initialized using 'CodeIgniter\Session\Handlers\FileHandler' driver.
WARNING - 2024-02-22 03:38:51 --> [DEPRECATED] Creation of dynamic property App\Controllers\Satuan::$satuan is deprecated in APPPATH/Controllers/Satuan.php on line 13.
 1 SYSTEMPATH/CodeIgniter.php(913): App\Controllers\Satuan->__construct()
 2 SYSTEMPATH/CodeIgniter.php(493): CodeIgniter\CodeIgniter->createController()
 3 SYSTEMPATH/CodeIgniter.php(361): CodeIgniter\CodeIgniter->handleRequest(null, Object(Config\Cache), false)
 4 FCPATH/index.php(79): CodeIgniter\CodeIgniter->run()
 5 SYSTEMPATH/Commands/Server/rewrite.php(47): require_once('/home/jojo/Documents/GitHub/Kasir/public/index.php')
INFO - 2024-02-22 03:38:52 --> Session: Class initialized using 'CodeIgniter\Session\Handlers\FileHandler' driver.
WARNING - 2024-02-22 03:38:52 --> [DEPRECATED] Creation of dynamic property App\Controllers\Satuan::$satuan is deprecated in APPPATH/Controllers/Satuan.php on line 13.
 1 SYSTEMPATH/CodeIgniter.php(913): App\Controllers\Satuan->__construct()
 2 SYSTEMPATH/CodeIgniter.php(493): CodeIgniter\CodeIgniter->createController()
 3 SYSTEMPATH/CodeIgniter.php(361): CodeIgniter\CodeIgniter->handleRequest(null, Object(Config\Cache), false)
 4 FCPATH/index.php(79): CodeIgniter\CodeIgniter->run()
 5 SYSTEMPATH/Commands/Server/rewrite.php(47): require_once('/home/jojo/Documents/GitHub/Kasir/public/index.php')
INFO - 2024-02-22 03:38:54 --> Session: Class initialized using 'CodeIgniter\Session\Handlers\FileHandler' driver.
WARNING - 2024-02-22 03:38:54 --> [DEPRECATED] Creation of dynamic property App\Controllers\Produk::$produk is deprecated in APPPATH/Controllers/Produk.php on line 13.
 1 SYSTEMPATH/CodeIgniter.php(913): App\Controllers\Produk->__construct()
 2 SYSTEMPATH/CodeIgniter.php(493): CodeIgniter\CodeIgniter->createController()
 3 SYSTEMPATH/CodeIgniter.php(361): CodeIgniter\CodeIgniter->handleRequest(null, Object(Config\Cache), false)
 4 FCPATH/index.php(79): CodeIgniter\CodeIgniter->run()
 5 SYSTEMPATH/Commands/Server/rewrite.php(47): require_once('/home/jojo/Documents/GitHub/Kasir/public/index.php')
WARNING - 2024-02-22 03:38:54 --> [DEPRECATED] Creation of dynamic property App\Controllers\Produk::$kategori is deprecated in APPPATH/Controllers/Produk.php on line 14.
 1 SYSTEMPATH/CodeIgniter.php(913): App\Controllers\Produk->__construct()
 2 SYSTEMPATH/CodeIgniter.php(493): CodeIgniter\CodeIgniter->createController()
 3 SYSTEMPATH/CodeIgniter.php(361): CodeIgniter\CodeIgniter->handleRequest(null, Object(Config\Cache), false)
 4 FCPATH/index.php(79): CodeIgniter\CodeIgniter->run()
 5 SYSTEMPATH/Commands/Server/rewrite.php(47): require_once('/home/jojo/Documents/GitHub/Kasir/public/index.php')
WARNING - 2024-02-22 03:38:54 --> [DEPRECATED] Creation of dynamic property App\Controllers\Produk::$satuan is deprecated in APPPATH/Controllers/Produk.php on line 15.
 1 SYSTEMPATH/CodeIgniter.php(913): App\Controllers\Produk->__construct()
 2 SYSTEMPATH/CodeIgniter.php(493): CodeIgniter\CodeIgniter->createController()
 3 SYSTEMPATH/CodeIgniter.php(361): CodeIgniter\CodeIgniter->handleRequest(null, Object(Config\Cache), false)
 4 FCPATH/index.php(79): CodeIgniter\CodeIgniter->run()
 5 SYSTEMPATH/Commands/Server/rewrite.php(47): require_once('/home/jojo/Documents/GitHub/Kasir/public/index.php')
INFO - 2024-02-22 03:43:03 --> Session: Class initialized using 'CodeIgniter\Session\Handlers\FileHandler' driver.
WARNING - 2024-02-22 03:43:03 --> [DEPRECATED] Creation of dynamic property App\Controllers\Produk::$produk is deprecated in APPPATH/Controllers/Produk.php on line 13.
 1 SYSTEMPATH/CodeIgniter.php(913): App\Controllers\Produk->__construct()
 2 SYSTEMPATH/CodeIgniter.php(493): CodeIgniter\CodeIgniter->createController()
 3 SYSTEMPATH/CodeIgniter.php(361): CodeIgniter\CodeIgniter->handleRequest(null, Object(Config\Cache), false)
 4 FCPATH/index.php(79): CodeIgniter\CodeIgniter->run()
 5 SYSTEMPATH/Commands/Server/rewrite.php(47): require_once('/home/jojo/Documents/GitHub/Kasir/public/index.php')
WARNING - 2024-02-22 03:43:03 --> [DEPRECATED] Creation of dynamic property App\Controllers\Produk::$kategori is deprecated in APPPATH/Controllers/Produk.php on line 14.
 1 SYSTEMPATH/CodeIgniter.php(913): App\Controllers\Produk->__construct()
 2 SYSTEMPATH/CodeIgniter.php(493): CodeIgniter\CodeIgniter->createController()
 3 SYSTEMPATH/CodeIgniter.php(361): CodeIgniter\CodeIgniter->handleRequest(null, Object(Config\Cache), false)
 4 FCPATH/index.php(79): CodeIgniter\CodeIgniter->run()
 5 SYSTEMPATH/Commands/Server/rewrite.php(47): require_once('/home/jojo/Documents/GitHub/Kasir/public/index.php')
WARNING - 2024-02-22 03:43:03 --> [DEPRECATED] Creation of dynamic property App\Controllers\Produk::$satuan is deprecated in APPPATH/Controllers/Produk.php on line 15.
 1 SYSTEMPATH/CodeIgniter.php(913): App\Controllers\Produk->__construct()
 2 SYSTEMPATH/CodeIgniter.php(493): CodeIgniter\CodeIgniter->createController()
 3 SYSTEMPATH/CodeIgniter.php(361): CodeIgniter\CodeIgniter->handleRequest(null, Object(Config\Cache), false)
 4 FCPATH/index.php(79): CodeIgniter\CodeIgniter->run()
 5 SYSTEMPATH/Commands/Server/rewrite.php(47): require_once('/home/jojo/Documents/GitHub/Kasir/public/index.php')
INFO - 2024-02-22 03:43:06 --> Session: Class initialized using 'CodeIgniter\Session\Handlers\FileHandler' driver.
WARNING - 2024-02-22 03:43:06 --> [DEPRECATED] Creation of dynamic property App\Controllers\Produk::$produk is deprecated in APPPATH/Controllers/Produk.php on line 13.
 1 SYSTEMPATH/CodeIgniter.php(913): App\Controllers\Produk->__construct()
 2 SYSTEMPATH/CodeIgniter.php(493): CodeIgniter\CodeIgniter->createController()
 3 SYSTEMPATH/CodeIgniter.php(361): CodeIgniter\CodeIgniter->handleRequest(null, Object(Config\Cache), false)
 4 FCPATH/index.php(79): CodeIgniter\CodeIgniter->run()
 5 SYSTEMPATH/Commands/Server/rewrite.php(47): require_once('/home/jojo/Documents/GitHub/Kasir/public/index.php')
WARNING - 2024-02-22 03:43:06 --> [DEPRECATED] Creation of dynamic property App\Controllers\Produk::$kategori is deprecated in APPPATH/Controllers/Produk.php on line 14.
 1 SYSTEMPATH/CodeIgniter.php(913): App\Controllers\Produk->__construct()
 2 SYSTEMPATH/CodeIgniter.php(493): CodeIgniter\CodeIgniter->createController()
 3 SYSTEMPATH/CodeIgniter.php(361): CodeIgniter\CodeIgniter->handleRequest(null, Object(Config\Cache), false)
 4 FCPATH/index.php(79): CodeIgniter\CodeIgniter->run()
 5 SYSTEMPATH/Commands/Server/rewrite.php(47): require_once('/home/jojo/Documents/GitHub/Kasir/public/index.php')
WARNING - 2024-02-22 03:43:06 --> [DEPRECATED] Creation of dynamic property App\Controllers\Produk::$satuan is deprecated in APPPATH/Controllers/Produk.php on line 15.
 1 SYSTEMPATH/CodeIgniter.php(913): App\Controllers\Produk->__construct()
 2 SYSTEMPATH/CodeIgniter.php(493): CodeIgniter\CodeIgniter->createController()
 3 SYSTEMPATH/CodeIgniter.php(361): CodeIgniter\CodeIgniter->handleRequest(null, Object(Config\Cache), false)
 4 FCPATH/index.php(79): CodeIgniter\CodeIgniter->run()
 5 SYSTEMPATH/Commands/Server/rewrite.php(47): require_once('/home/jojo/Documents/GitHub/Kasir/public/index.php')
INFO - 2024-02-22 03:44:06 --> Session: Class initialized using 'CodeIgniter\Session\Handlers\FileHandler' driver.
WARNING - 2024-02-22 03:44:06 --> [DEPRECATED] Creation of dynamic property App\Controllers\Produk::$produk is deprecated in APPPATH/Controllers/Produk.php on line 13.
 1 SYSTEMPATH/CodeIgniter.php(913): App\Controllers\Produk->__construct()
 2 SYSTEMPATH/CodeIgniter.php(493): CodeIgniter\CodeIgniter->createController()
 3 SYSTEMPATH/CodeIgniter.php(361): CodeIgniter\CodeIgniter->handleRequest(null, Object(Config\Cache), false)
 4 FCPATH/index.php(79): CodeIgniter\CodeIgniter->run()
 5 SYSTEMPATH/Commands/Server/rewrite.php(47): require_once('/home/jojo/Documents/GitHub/Kasir/public/index.php')
WARNING - 2024-02-22 03:44:06 --> [DEPRECATED] Creation of dynamic property App\Controllers\Produk::$kategori is deprecated in APPPATH/Controllers/Produk.php on line 14.
 1 SYSTEMPATH/CodeIgniter.php(913): App\Controllers\Produk->__construct()
 2 SYSTEMPATH/CodeIgniter.php(493): CodeIgniter\CodeIgniter->createController()
 3 SYSTEMPATH/CodeIgniter.php(361): CodeIgniter\CodeIgniter->handleRequest(null, Object(Config\Cache), false)
 4 FCPATH/index.php(79): CodeIgniter\CodeIgniter->run()
 5 SYSTEMPATH/Commands/Server/rewrite.php(47): require_once('/home/jojo/Documents/GitHub/Kasir/public/index.php')
WARNING - 2024-02-22 03:44:06 --> [DEPRECATED] Creation of dynamic property App\Controllers\Produk::$satuan is deprecated in APPPATH/Controllers/Produk.php on line 15.
 1 SYSTEMPATH/CodeIgniter.php(913): App\Controllers\Produk->__construct()
 2 SYSTEMPATH/CodeIgniter.php(493): CodeIgniter\CodeIgniter->createController()
 3 SYSTEMPATH/CodeIgniter.php(361): CodeIgniter\CodeIgniter->handleRequest(null, Object(Config\Cache), false)
 4 FCPATH/index.php(79): CodeIgniter\CodeIgniter->run()
 5 SYSTEMPATH/Commands/Server/rewrite.php(47): require_once('/home/jojo/Documents/GitHub/Kasir/public/index.php')
INFO - 2024-02-22 03:47:07 --> Session: Class initialized using 'CodeIgniter\Session\Handlers\FileHandler' driver.
WARNING - 2024-02-22 03:47:07 --> [DEPRECATED] Creation of dynamic property App\Controllers\Kategori::$kategori is deprecated in APPPATH/Controllers/Kategori.php on line 11.
 1 SYSTEMPATH/CodeIgniter.php(913): App\Controllers\Kategori->__construct()
 2 SYSTEMPATH/CodeIgniter.php(493): CodeIgniter\CodeIgniter->createController()
 3 SYSTEMPATH/CodeIgniter.php(361): CodeIgniter\CodeIgniter->handleRequest(null, Object(Config\Cache), false)
 4 FCPATH/index.php(79): CodeIgniter\CodeIgniter->run()
 5 SYSTEMPATH/Commands/Server/rewrite.php(47): require_once('/home/jojo/Documents/GitHub/Kasir/public/index.php')
INFO - 2024-02-22 03:47:09 --> Session: Class initialized using 'CodeIgniter\Session\Handlers\FileHandler' driver.
INFO - 2024-02-22 03:47:28 --> Session: Class initialized using 'CodeIgniter\Session\Handlers\FileHandler' driver.
WARNING - 2024-02-22 03:47:28 --> [DEPRECATED] Creation of dynamic property App\Controllers\Kategori::$kategori is deprecated in APPPATH/Controllers/Kategori.php on line 11.
 1 SYSTEMPATH/CodeIgniter.php(913): App\Controllers\Kategori->__construct()
 2 SYSTEMPATH/CodeIgniter.php(493): CodeIgniter\CodeIgniter->createController()
 3 SYSTEMPATH/CodeIgniter.php(361): CodeIgniter\CodeIgniter->handleRequest(null, Object(Config\Cache), false)
 4 FCPATH/index.php(79): CodeIgniter\CodeIgniter->run()
 5 SYSTEMPATH/Commands/Server/rewrite.php(47): require_once('/home/jojo/Documents/GitHub/Kasir/public/index.php')
INFO - 2024-02-22 03:47:29 --> Session: Class initialized using 'CodeIgniter\Session\Handlers\FileHandler' driver.
WARNING - 2024-02-22 03:47:29 --> [DEPRECATED] Creation of dynamic property App\Controllers\Produk::$produk is deprecated in APPPATH/Controllers/Produk.php on line 13.
 1 SYSTEMPATH/CodeIgniter.php(913): App\Controllers\Produk->__construct()
 2 SYSTEMPATH/CodeIgniter.php(493): CodeIgniter\CodeIgniter->createController()
 3 SYSTEMPATH/CodeIgniter.php(361): CodeIgniter\CodeIgniter->handleRequest(null, Object(Config\Cache), false)
 4 FCPATH/index.php(79): CodeIgniter\CodeIgniter->run()
 5 SYSTEMPATH/Commands/Server/rewrite.php(47): require_once('/home/jojo/Documents/GitHub/Kasir/public/index.php')
WARNING - 2024-02-22 03:47:29 --> [DEPRECATED] Creation of dynamic property App\Controllers\Produk::$kategori is deprecated in APPPATH/Controllers/Produk.php on line 14.
 1 SYSTEMPATH/CodeIgniter.php(913): App\Controllers\Produk->__construct()
 2 SYSTEMPATH/CodeIgniter.php(493): CodeIgniter\CodeIgniter->createController()
 3 SYSTEMPATH/CodeIgniter.php(361): CodeIgniter\CodeIgniter->handleRequest(null, Object(Config\Cache), false)
 4 FCPATH/index.php(79): CodeIgniter\CodeIgniter->run()
 5 SYSTEMPATH/Commands/Server/rewrite.php(47): require_once('/home/jojo/Documents/GitHub/Kasir/public/index.php')
WARNING - 2024-02-22 03:47:29 --> [DEPRECATED] Creation of dynamic property App\Controllers\Produk::$satuan is deprecated in APPPATH/Controllers/Produk.php on line 15.
 1 SYSTEMPATH/CodeIgniter.php(913): App\Controllers\Produk->__construct()
 2 SYSTEMPATH/CodeIgniter.php(493): CodeIgniter\CodeIgniter->createController()
 3 SYSTEMPATH/CodeIgniter.php(361): CodeIgniter\CodeIgniter->handleRequest(null, Object(Config\Cache), false)
 4 FCPATH/index.php(79): CodeIgniter\CodeIgniter->run()
 5 SYSTEMPATH/Commands/Server/rewrite.php(47): require_once('/home/jojo/Documents/GitHub/Kasir/public/index.php')
INFO - 2024-02-22 03:47:31 --> Session: Class initialized using 'CodeIgniter\Session\Handlers\FileHandler' driver.
WARNING - 2024-02-22 03:47:31 --> [DEPRECATED] Creation of dynamic property App\Controllers\Kategori::$kategori is deprecated in APPPATH/Controllers/Kategori.php on line 11.
 1 SYSTEMPATH/CodeIgniter.php(913): App\Controllers\Kategori->__construct()
 2 SYSTEMPATH/CodeIgniter.php(493): CodeIgniter\CodeIgniter->createController()
 3 SYSTEMPATH/CodeIgniter.php(361): CodeIgniter\CodeIgniter->handleRequest(null, Object(Config\Cache), false)
 4 FCPATH/index.php(79): CodeIgniter\CodeIgniter->run()
 5 SYSTEMPATH/Commands/Server/rewrite.php(47): require_once('/home/jojo/Documents/GitHub/Kasir/public/index.php')
INFO - 2024-02-22 03:47:32 --> Session: Class initialized using 'CodeIgniter\Session\Handlers\FileHandler' driver.
INFO - 2024-02-22 03:49:46 --> Session: Class initialized using 'CodeIgniter\Session\Handlers\FileHandler' driver.
WARNING - 2024-02-22 03:49:46 --> [DEPRECATED] Creation of dynamic property App\Controllers\Produk::$produk is deprecated in APPPATH/Controllers/Produk.php on line 13.
 1 SYSTEMPATH/CodeIgniter.php(913): App\Controllers\Produk->__construct()
 2 SYSTEMPATH/CodeIgniter.php(493): CodeIgniter\CodeIgniter->createController()
 3 SYSTEMPATH/CodeIgniter.php(361): CodeIgniter\CodeIgniter->handleRequest(null, Object(Config\Cache), false)
 4 FCPATH/index.php(79): CodeIgniter\CodeIgniter->run()
 5 SYSTEMPATH/Commands/Server/rewrite.php(47): require_once('/home/jojo/Documents/GitHub/Kasir/public/index.php')
WARNING - 2024-02-22 03:49:46 --> [DEPRECATED] Creation of dynamic property App\Controllers\Produk::$kategori is deprecated in APPPATH/Controllers/Produk.php on line 14.
 1 SYSTEMPATH/CodeIgniter.php(913): App\Controllers\Produk->__construct()
 2 SYSTEMPATH/CodeIgniter.php(493): CodeIgniter\CodeIgniter->createController()
 3 SYSTEMPATH/CodeIgniter.php(361): CodeIgniter\CodeIgniter->handleRequest(null, Object(Config\Cache), false)
 4 FCPATH/index.php(79): CodeIgniter\CodeIgniter->run()
 5 SYSTEMPATH/Commands/Server/rewrite.php(47): require_once('/home/jojo/Documents/GitHub/Kasir/public/index.php')
WARNING - 2024-02-22 03:49:46 --> [DEPRECATED] Creation of dynamic property App\Controllers\Produk::$satuan is deprecated in APPPATH/Controllers/Produk.php on line 15.
 1 SYSTEMPATH/CodeIgniter.php(913): App\Controllers\Produk->__construct()
 2 SYSTEMPATH/CodeIgniter.php(493): CodeIgniter\CodeIgniter->createController()
 3 SYSTEMPATH/CodeIgniter.php(361): CodeIgniter\CodeIgniter->handleRequest(null, Object(Config\Cache), false)
 4 FCPATH/index.php(79): CodeIgniter\CodeIgniter->run()
 5 SYSTEMPATH/Commands/Server/rewrite.php(47): require_once('/home/jojo/Documents/GitHub/Kasir/public/index.php')
INFO - 2024-02-22 03:53:17 --> Session: Class initialized using 'CodeIgniter\Session\Handlers\FileHandler' driver.
WARNING - 2024-02-22 03:53:17 --> [DEPRECATED] Creation of dynamic property App\Controllers\Produk::$produk is deprecated in APPPATH/Controllers/Produk.php on line 13.
 1 SYSTEMPATH/CodeIgniter.php(913): App\Controllers\Produk->__construct()
 2 SYSTEMPATH/CodeIgniter.php(493): CodeIgniter\CodeIgniter->createController()
 3 SYSTEMPATH/CodeIgniter.php(361): CodeIgniter\CodeIgniter->handleRequest(null, Object(Config\Cache), false)
 4 FCPATH/index.php(79): CodeIgniter\CodeIgniter->run()
 5 SYSTEMPATH/Commands/Server/rewrite.php(47): require_once('/home/jojo/Documents/GitHub/Kasir/public/index.php')
WARNING - 2024-02-22 03:53:17 --> [DEPRECATED] Creation of dynamic property App\Controllers\Produk::$kategori is deprecated in APPPATH/Controllers/Produk.php on line 14.
 1 SYSTEMPATH/CodeIgniter.php(913): App\Controllers\Produk->__construct()
 2 SYSTEMPATH/CodeIgniter.php(493): CodeIgniter\CodeIgniter->createController()
 3 SYSTEMPATH/CodeIgniter.php(361): CodeIgniter\CodeIgniter->handleRequest(null, Object(Config\Cache), false)
 4 FCPATH/index.php(79): CodeIgniter\CodeIgniter->run()
 5 SYSTEMPATH/Commands/Server/rewrite.php(47): require_once('/home/jojo/Documents/GitHub/Kasir/public/index.php')
WARNING - 2024-02-22 03:53:17 --> [DEPRECATED] Creation of dynamic property App\Controllers\Produk::$satuan is deprecated in APPPATH/Controllers/Produk.php on line 15.
 1 SYSTEMPATH/CodeIgniter.php(913): App\Controllers\Produk->__construct()
 2 SYSTEMPATH/CodeIgniter.php(493): CodeIgniter\CodeIgniter->createController()
 3 SYSTEMPATH/CodeIgniter.php(361): CodeIgniter\CodeIgniter->handleRequest(null, Object(Config\Cache), false)
 4 FCPATH/index.php(79): CodeIgniter\CodeIgniter->run()
 5 SYSTEMPATH/Commands/Server/rewrite.php(47): require_once('/home/jojo/Documents/GitHub/Kasir/public/index.php')
INFO - 2024-02-22 03:53:33 --> Session: Class initialized using 'CodeIgniter\Session\Handlers\FileHandler' driver.
WARNING - 2024-02-22 03:53:33 --> [DEPRECATED] Creation of dynamic property App\Controllers\Produk::$produk is deprecated in APPPATH/Controllers/Produk.php on line 13.
 1 SYSTEMPATH/CodeIgniter.php(913): App\Controllers\Produk->__construct()
 2 SYSTEMPATH/CodeIgniter.php(493): CodeIgniter\CodeIgniter->createController()
 3 SYSTEMPATH/CodeIgniter.php(361): CodeIgniter\CodeIgniter->handleRequest(null, Object(Config\Cache), false)
 4 FCPATH/index.php(79): CodeIgniter\CodeIgniter->run()
 5 SYSTEMPATH/Commands/Server/rewrite.php(47): require_once('/home/jojo/Documents/GitHub/Kasir/public/index.php')
WARNING - 2024-02-22 03:53:33 --> [DEPRECATED] Creation of dynamic property App\Controllers\Produk::$kategori is deprecated in APPPATH/Controllers/Produk.php on line 14.
 1 SYSTEMPATH/CodeIgniter.php(913): App\Controllers\Produk->__construct()
 2 SYSTEMPATH/CodeIgniter.php(493): CodeIgniter\CodeIgniter->createController()
 3 SYSTEMPATH/CodeIgniter.php(361): CodeIgniter\CodeIgniter->handleRequest(null, Object(Config\Cache), false)
 4 FCPATH/index.php(79): CodeIgniter\CodeIgniter->run()
 5 SYSTEMPATH/Commands/Server/rewrite.php(47): require_once('/home/jojo/Documents/GitHub/Kasir/public/index.php')
WARNING - 2024-02-22 03:53:33 --> [DEPRECATED] Creation of dynamic property App\Controllers\Produk::$satuan is deprecated in APPPATH/Controllers/Produk.php on line 15.
 1 SYSTEMPATH/CodeIgniter.php(913): App\Controllers\Produk->__construct()
 2 SYSTEMPATH/CodeIgniter.php(493): CodeIgniter\CodeIgniter->createController()
 3 SYSTEMPATH/CodeIgniter.php(361): CodeIgniter\CodeIgniter->handleRequest(null, Object(Config\Cache), false)
 4 FCPATH/index.php(79): CodeIgniter\CodeIgniter->run()
 5 SYSTEMPATH/Commands/Server/rewrite.php(47): require_once('/home/jojo/Documents/GitHub/Kasir/public/index.php')
INFO - 2024-02-22 03:53:48 --> Session: Class initialized using 'CodeIgniter\Session\Handlers\FileHandler' driver.
WARNING - 2024-02-22 03:53:48 --> [DEPRECATED] Creation of dynamic property App\Controllers\Produk::$produk is deprecated in APPPATH/Controllers/Produk.php on line 13.
 1 SYSTEMPATH/CodeIgniter.php(913): App\Controllers\Produk->__construct()
 2 SYSTEMPATH/CodeIgniter.php(493): CodeIgniter\CodeIgniter->createController()
 3 SYSTEMPATH/CodeIgniter.php(361): CodeIgniter\CodeIgniter->handleRequest(null, Object(Config\Cache), false)
 4 FCPATH/index.php(79): CodeIgniter\CodeIgniter->run()
 5 SYSTEMPATH/Commands/Server/rewrite.php(47): require_once('/home/jojo/Documents/GitHub/Kasir/public/index.php')
WARNING - 2024-02-22 03:53:48 --> [DEPRECATED] Creation of dynamic property App\Controllers\Produk::$kategori is deprecated in APPPATH/Controllers/Produk.php on line 14.
 1 SYSTEMPATH/CodeIgniter.php(913): App\Controllers\Produk->__construct()
 2 SYSTEMPATH/CodeIgniter.php(493): CodeIgniter\CodeIgniter->createController()
 3 SYSTEMPATH/CodeIgniter.php(361): CodeIgniter\CodeIgniter->handleRequest(null, Object(Config\Cache), false)
 4 FCPATH/index.php(79): CodeIgniter\CodeIgniter->run()
 5 SYSTEMPATH/Commands/Server/rewrite.php(47): require_once('/home/jojo/Documents/GitHub/Kasir/public/index.php')
WARNING - 2024-02-22 03:53:48 --> [DEPRECATED] Creation of dynamic property App\Controllers\Produk::$satuan is deprecated in APPPATH/Controllers/Produk.php on line 15.
 1 SYSTEMPATH/CodeIgniter.php(913): App\Controllers\Produk->__construct()
 2 SYSTEMPATH/CodeIgniter.php(493): CodeIgniter\CodeIgniter->createController()
 3 SYSTEMPATH/CodeIgniter.php(361): CodeIgniter\CodeIgniter->handleRequest(null, Object(Config\Cache), false)
 4 FCPATH/index.php(79): CodeIgniter\CodeIgniter->run()
 5 SYSTEMPATH/Commands/Server/rewrite.php(47): require_once('/home/jojo/Documents/GitHub/Kasir/public/index.php')
INFO - 2024-02-22 03:53:57 --> Session: Class initialized using 'CodeIgniter\Session\Handlers\FileHandler' driver.
WARNING - 2024-02-22 03:53:57 --> [DEPRECATED] Creation of dynamic property App\Controllers\Produk::$produk is deprecated in APPPATH/Controllers/Produk.php on line 13.
 1 SYSTEMPATH/CodeIgniter.php(913): App\Controllers\Produk->__construct()
 2 SYSTEMPATH/CodeIgniter.php(493): CodeIgniter\CodeIgniter->createController()
 3 SYSTEMPATH/CodeIgniter.php(361): CodeIgniter\CodeIgniter->handleRequest(null, Object(Config\Cache), false)
 4 FCPATH/index.php(79): CodeIgniter\CodeIgniter->run()
 5 SYSTEMPATH/Commands/Server/rewrite.php(47): require_once('/home/jojo/Documents/GitHub/Kasir/public/index.php')
WARNING - 2024-02-22 03:53:57 --> [DEPRECATED] Creation of dynamic property App\Controllers\Produk::$kategori is deprecated in APPPATH/Controllers/Produk.php on line 14.
 1 SYSTEMPATH/CodeIgniter.php(913): App\Controllers\Produk->__construct()
 2 SYSTEMPATH/CodeIgniter.php(493): CodeIgniter\CodeIgniter->createController()
 3 SYSTEMPATH/CodeIgniter.php(361): CodeIgniter\CodeIgniter->handleRequest(null, Object(Config\Cache), false)
 4 FCPATH/index.php(79): CodeIgniter\CodeIgniter->run()
 5 SYSTEMPATH/Commands/Server/rewrite.php(47): require_once('/home/jojo/Documents/GitHub/Kasir/public/index.php')
WARNING - 2024-02-22 03:53:57 --> [DEPRECATED] Creation of dynamic property App\Controllers\Produk::$satuan is deprecated in APPPATH/Controllers/Produk.php on line 15.
 1 SYSTEMPATH/CodeIgniter.php(913): App\Controllers\Produk->__construct()
 2 SYSTEMPATH/CodeIgniter.php(493): CodeIgniter\CodeIgniter->createController()
 3 SYSTEMPATH/CodeIgniter.php(361): CodeIgniter\CodeIgniter->handleRequest(null, Object(Config\Cache), false)
 4 FCPATH/index.php(79): CodeIgniter\CodeIgniter->run()
 5 SYSTEMPATH/Commands/Server/rewrite.php(47): require_once('/home/jojo/Documents/GitHub/Kasir/public/index.php')
INFO - 2024-02-22 03:54:07 --> Session: Class initialized using 'CodeIgniter\Session\Handlers\FileHandler' driver.
WARNING - 2024-02-22 03:54:07 --> [DEPRECATED] Creation of dynamic property App\Controllers\Produk::$produk is deprecated in APPPATH/Controllers/Produk.php on line 13.
 1 SYSTEMPATH/CodeIgniter.php(913): App\Controllers\Produk->__construct()
 2 SYSTEMPATH/CodeIgniter.php(493): CodeIgniter\CodeIgniter->createController()
 3 SYSTEMPATH/CodeIgniter.php(361): CodeIgniter\CodeIgniter->handleRequest(null, Object(Config\Cache), false)
 4 FCPATH/index.php(79): CodeIgniter\CodeIgniter->run()
 5 SYSTEMPATH/Commands/Server/rewrite.php(47): require_once('/home/jojo/Documents/GitHub/Kasir/public/index.php')
WARNING - 2024-02-22 03:54:07 --> [DEPRECATED] Creation of dynamic property App\Controllers\Produk::$kategori is deprecated in APPPATH/Controllers/Produk.php on line 14.
 1 SYSTEMPATH/CodeIgniter.php(913): App\Controllers\Produk->__construct()
 2 SYSTEMPATH/CodeIgniter.php(493): CodeIgniter\CodeIgniter->createController()
 3 SYSTEMPATH/CodeIgniter.php(361): CodeIgniter\CodeIgniter->handleRequest(null, Object(Config\Cache), false)
 4 FCPATH/index.php(79): CodeIgniter\CodeIgniter->run()
 5 SYSTEMPATH/Commands/Server/rewrite.php(47): require_once('/home/jojo/Documents/GitHub/Kasir/public/index.php')
WARNING - 2024-02-22 03:54:07 --> [DEPRECATED] Creation of dynamic property App\Controllers\Produk::$satuan is deprecated in APPPATH/Controllers/Produk.php on line 15.
 1 SYSTEMPATH/CodeIgniter.php(913): App\Controllers\Produk->__construct()
 2 SYSTEMPATH/CodeIgniter.php(493): CodeIgniter\CodeIgniter->createController()
 3 SYSTEMPATH/CodeIgniter.php(361): CodeIgniter\CodeIgniter->handleRequest(null, Object(Config\Cache), false)
 4 FCPATH/index.php(79): CodeIgniter\CodeIgniter->run()
 5 SYSTEMPATH/Commands/Server/rewrite.php(47): require_once('/home/jojo/Documents/GitHub/Kasir/public/index.php')
INFO - 2024-02-22 03:54:17 --> Session: Class initialized using 'CodeIgniter\Session\Handlers\FileHandler' driver.
WARNING - 2024-02-22 03:54:17 --> [DEPRECATED] Creation of dynamic property App\Controllers\Produk::$produk is deprecated in APPPATH/Controllers/Produk.php on line 13.
 1 SYSTEMPATH/CodeIgniter.php(913): App\Controllers\Produk->__construct()
 2 SYSTEMPATH/CodeIgniter.php(493): CodeIgniter\CodeIgniter->createController()
 3 SYSTEMPATH/CodeIgniter.php(361): CodeIgniter\CodeIgniter->handleRequest(null, Object(Config\Cache), false)
 4 FCPATH/index.php(79): CodeIgniter\CodeIgniter->run()
 5 SYSTEMPATH/Commands/Server/rewrite.php(47): require_once('/home/jojo/Documents/GitHub/Kasir/public/index.php')
WARNING - 2024-02-22 03:54:17 --> [DEPRECATED] Creation of dynamic property App\Controllers\Produk::$kategori is deprecated in APPPATH/Controllers/Produk.php on line 14.
 1 SYSTEMPATH/CodeIgniter.php(913): App\Controllers\Produk->__construct()
 2 SYSTEMPATH/CodeIgniter.php(493): CodeIgniter\CodeIgniter->createController()
 3 SYSTEMPATH/CodeIgniter.php(361): CodeIgniter\CodeIgniter->handleRequest(null, Object(Config\Cache), false)
 4 FCPATH/index.php(79): CodeIgniter\CodeIgniter->run()
 5 SYSTEMPATH/Commands/Server/rewrite.php(47): require_once('/home/jojo/Documents/GitHub/Kasir/public/index.php')
WARNING - 2024-02-22 03:54:17 --> [DEPRECATED] Creation of dynamic property App\Controllers\Produk::$satuan is deprecated in APPPATH/Controllers/Produk.php on line 15.
 1 SYSTEMPATH/CodeIgniter.php(913): App\Controllers\Produk->__construct()
 2 SYSTEMPATH/CodeIgniter.php(493): CodeIgniter\CodeIgniter->createController()
 3 SYSTEMPATH/CodeIgniter.php(361): CodeIgniter\CodeIgniter->handleRequest(null, Object(Config\Cache), false)
 4 FCPATH/index.php(79): CodeIgniter\CodeIgniter->run()
 5 SYSTEMPATH/Commands/Server/rewrite.php(47): require_once('/home/jojo/Documents/GitHub/Kasir/public/index.php')
INFO - 2024-02-22 03:54:25 --> Session: Class initialized using 'CodeIgniter\Session\Handlers\FileHandler' driver.
WARNING - 2024-02-22 03:54:25 --> [DEPRECATED] Creation of dynamic property App\Controllers\Produk::$produk is deprecated in APPPATH/Controllers/Produk.php on line 13.
 1 SYSTEMPATH/CodeIgniter.php(913): App\Controllers\Produk->__construct()
 2 SYSTEMPATH/CodeIgniter.php(493): CodeIgniter\CodeIgniter->createController()
 3 SYSTEMPATH/CodeIgniter.php(361): CodeIgniter\CodeIgniter->handleRequest(null, Object(Config\Cache), false)
 4 FCPATH/index.php(79): CodeIgniter\CodeIgniter->run()
 5 SYSTEMPATH/Commands/Server/rewrite.php(47): require_once('/home/jojo/Documents/GitHub/Kasir/public/index.php')
WARNING - 2024-02-22 03:54:25 --> [DEPRECATED] Creation of dynamic property App\Controllers\Produk::$kategori is deprecated in APPPATH/Controllers/Produk.php on line 14.
 1 SYSTEMPATH/CodeIgniter.php(913): App\Controllers\Produk->__construct()
 2 SYSTEMPATH/CodeIgniter.php(493): CodeIgniter\CodeIgniter->createController()
 3 SYSTEMPATH/CodeIgniter.php(361): CodeIgniter\CodeIgniter->handleRequest(null, Object(Config\Cache), false)
 4 FCPATH/index.php(79): CodeIgniter\CodeIgniter->run()
 5 SYSTEMPATH/Commands/Server/rewrite.php(47): require_once('/home/jojo/Documents/GitHub/Kasir/public/index.php')
WARNING - 2024-02-22 03:54:25 --> [DEPRECATED] Creation of dynamic property App\Controllers\Produk::$satuan is deprecated in APPPATH/Controllers/Produk.php on line 15.
 1 SYSTEMPATH/CodeIgniter.php(913): App\Controllers\Produk->__construct()
 2 SYSTEMPATH/CodeIgniter.php(493): CodeIgniter\CodeIgniter->createController()
 3 SYSTEMPATH/CodeIgniter.php(361): CodeIgniter\CodeIgniter->handleRequest(null, Object(Config\Cache), false)
 4 FCPATH/index.php(79): CodeIgniter\CodeIgniter->run()
 5 SYSTEMPATH/Commands/Server/rewrite.php(47): require_once('/home/jojo/Documents/GitHub/Kasir/public/index.php')
INFO - 2024-02-22 03:55:00 --> Session: Class initialized using 'CodeIgniter\Session\Handlers\FileHandler' driver.
WARNING - 2024-02-22 03:55:00 --> [DEPRECATED] Creation of dynamic property App\Controllers\Produk::$produk is deprecated in APPPATH/Controllers/Produk.php on line 13.
 1 SYSTEMPATH/CodeIgniter.php(913): App\Controllers\Produk->__construct()
 2 SYSTEMPATH/CodeIgniter.php(493): CodeIgniter\CodeIgniter->createController()
 3 SYSTEMPATH/CodeIgniter.php(361): CodeIgniter\CodeIgniter->handleRequest(null, Object(Config\Cache), false)
 4 FCPATH/index.php(79): CodeIgniter\CodeIgniter->run()
 5 SYSTEMPATH/Commands/Server/rewrite.php(47): require_once('/home/jojo/Documents/GitHub/Kasir/public/index.php')
WARNING - 2024-02-22 03:55:00 --> [DEPRECATED] Creation of dynamic property App\Controllers\Produk::$kategori is deprecated in APPPATH/Controllers/Produk.php on line 14.
 1 SYSTEMPATH/CodeIgniter.php(913): App\Controllers\Produk->__construct()
 2 SYSTEMPATH/CodeIgniter.php(493): CodeIgniter\CodeIgniter->createController()
 3 SYSTEMPATH/CodeIgniter.php(361): CodeIgniter\CodeIgniter->handleRequest(null, Object(Config\Cache), false)
 4 FCPATH/index.php(79): CodeIgniter\CodeIgniter->run()
 5 SYSTEMPATH/Commands/Server/rewrite.php(47): require_once('/home/jojo/Documents/GitHub/Kasir/public/index.php')
WARNING - 2024-02-22 03:55:00 --> [DEPRECATED] Creation of dynamic property App\Controllers\Produk::$satuan is deprecated in APPPATH/Controllers/Produk.php on line 15.
 1 SYSTEMPATH/CodeIgniter.php(913): App\Controllers\Produk->__construct()
 2 SYSTEMPATH/CodeIgniter.php(493): CodeIgniter\CodeIgniter->createController()
 3 SYSTEMPATH/CodeIgniter.php(361): CodeIgniter\CodeIgniter->handleRequest(null, Object(Config\Cache), false)
 4 FCPATH/index.php(79): CodeIgniter\CodeIgniter->run()
 5 SYSTEMPATH/Commands/Server/rewrite.php(47): require_once('/home/jojo/Documents/GitHub/Kasir/public/index.php')
INFO - 2024-02-22 03:55:14 --> Session: Class initialized using 'CodeIgniter\Session\Handlers\FileHandler' driver.
WARNING - 2024-02-22 03:55:14 --> [DEPRECATED] Creation of dynamic property App\Controllers\Kategori::$kategori is deprecated in APPPATH/Controllers/Kategori.php on line 11.
 1 SYSTEMPATH/CodeIgniter.php(913): App\Controllers\Kategori->__construct()
 2 SYSTEMPATH/CodeIgniter.php(493): CodeIgniter\CodeIgniter->createController()
 3 SYSTEMPATH/CodeIgniter.php(361): CodeIgniter\CodeIgniter->handleRequest(null, Object(Config\Cache), false)
 4 FCPATH/index.php(79): CodeIgniter\CodeIgniter->run()
 5 SYSTEMPATH/Commands/Server/rewrite.php(47): require_once('/home/jojo/Documents/GitHub/Kasir/public/index.php')
INFO - 2024-02-22 03:55:15 --> Session: Class initialized using 'CodeIgniter\Session\Handlers\FileHandler' driver.
WARNING - 2024-02-22 03:55:15 --> [DEPRECATED] Creation of dynamic property App\Controllers\Produk::$produk is deprecated in APPPATH/Controllers/Produk.php on line 13.
 1 SYSTEMPATH/CodeIgniter.php(913): App\Controllers\Produk->__construct()
 2 SYSTEMPATH/CodeIgniter.php(493): CodeIgniter\CodeIgniter->createController()
 3 SYSTEMPATH/CodeIgniter.php(361): CodeIgniter\CodeIgniter->handleRequest(null, Object(Config\Cache), false)
 4 FCPATH/index.php(79): CodeIgniter\CodeIgniter->run()
 5 SYSTEMPATH/Commands/Server/rewrite.php(47): require_once('/home/jojo/Documents/GitHub/Kasir/public/index.php')
WARNING - 2024-02-22 03:55:15 --> [DEPRECATED] Creation of dynamic property App\Controllers\Produk::$kategori is deprecated in APPPATH/Controllers/Produk.php on line 14.
 1 SYSTEMPATH/CodeIgniter.php(913): App\Controllers\Produk->__construct()
 2 SYSTEMPATH/CodeIgniter.php(493): CodeIgniter\CodeIgniter->createController()
 3 SYSTEMPATH/CodeIgniter.php(361): CodeIgniter\CodeIgniter->handleRequest(null, Object(Config\Cache), false)
 4 FCPATH/index.php(79): CodeIgniter\CodeIgniter->run()
 5 SYSTEMPATH/Commands/Server/rewrite.php(47): require_once('/home/jojo/Documents/GitHub/Kasir/public/index.php')
WARNING - 2024-02-22 03:55:15 --> [DEPRECATED] Creation of dynamic property App\Controllers\Produk::$satuan is deprecated in APPPATH/Controllers/Produk.php on line 15.
 1 SYSTEMPATH/CodeIgniter.php(913): App\Controllers\Produk->__construct()
 2 SYSTEMPATH/CodeIgniter.php(493): CodeIgniter\CodeIgniter->createController()
 3 SYSTEMPATH/CodeIgniter.php(361): CodeIgniter\CodeIgniter->handleRequest(null, Object(Config\Cache), false)
 4 FCPATH/index.php(79): CodeIgniter\CodeIgniter->run()
 5 SYSTEMPATH/Commands/Server/rewrite.php(47): require_once('/home/jojo/Documents/GitHub/Kasir/public/index.php')
INFO - 2024-02-22 03:55:16 --> Session: Class initialized using 'CodeIgniter\Session\Handlers\FileHandler' driver.
WARNING - 2024-02-22 03:55:16 --> [DEPRECATED] Creation of dynamic property App\Controllers\Satuan::$satuan is deprecated in APPPATH/Controllers/Satuan.php on line 13.
 1 SYSTEMPATH/CodeIgniter.php(913): App\Controllers\Satuan->__construct()
 2 SYSTEMPATH/CodeIgniter.php(493): CodeIgniter\CodeIgniter->createController()
 3 SYSTEMPATH/CodeIgniter.php(361): CodeIgniter\CodeIgniter->handleRequest(null, Object(Config\Cache), false)
 4 FCPATH/index.php(79): CodeIgniter\CodeIgniter->run()
 5 SYSTEMPATH/Commands/Server/rewrite.php(47): require_once('/home/jojo/Documents/GitHub/Kasir/public/index.php')
INFO - 2024-02-22 03:55:17 --> Session: Class initialized using 'CodeIgniter\Session\Handlers\FileHandler' driver.
WARNING - 2024-02-22 03:55:17 --> [DEPRECATED] Creation of dynamic property App\Controllers\Satuan::$satuan is deprecated in APPPATH/Controllers/Satuan.php on line 13.
 1 SYSTEMPATH/CodeIgniter.php(913): App\Controllers\Satuan->__construct()
 2 SYSTEMPATH/CodeIgniter.php(493): CodeIgniter\CodeIgniter->createController()
 3 SYSTEMPATH/CodeIgniter.php(361): CodeIgniter\CodeIgniter->handleRequest(null, Object(Config\Cache), false)
 4 FCPATH/index.php(79): CodeIgniter\CodeIgniter->run()
 5 SYSTEMPATH/Commands/Server/rewrite.php(47): require_once('/home/jojo/Documents/GitHub/Kasir/public/index.php')
INFO - 2024-02-22 03:55:54 --> Session: Class initialized using 'CodeIgniter\Session\Handlers\FileHandler' driver.
WARNING - 2024-02-22 03:55:54 --> [DEPRECATED] Creation of dynamic property App\Controllers\Produk::$produk is deprecated in APPPATH/Controllers/Produk.php on line 13.
 1 SYSTEMPATH/CodeIgniter.php(913): App\Controllers\Produk->__construct()
 2 SYSTEMPATH/CodeIgniter.php(493): CodeIgniter\CodeIgniter->createController()
 3 SYSTEMPATH/CodeIgniter.php(361): CodeIgniter\CodeIgniter->handleRequest(null, Object(Config\Cache), false)
 4 FCPATH/index.php(79): CodeIgniter\CodeIgniter->run()
 5 SYSTEMPATH/Commands/Server/rewrite.php(47): require_once('/home/jojo/Documents/GitHub/Kasir/public/index.php')
WARNING - 2024-02-22 03:55:54 --> [DEPRECATED] Creation of dynamic property App\Controllers\Produk::$kategori is deprecated in APPPATH/Controllers/Produk.php on line 14.
 1 SYSTEMPATH/CodeIgniter.php(913): App\Controllers\Produk->__construct()
 2 SYSTEMPATH/CodeIgniter.php(493): CodeIgniter\CodeIgniter->createController()
 3 SYSTEMPATH/CodeIgniter.php(361): CodeIgniter\CodeIgniter->handleRequest(null, Object(Config\Cache), false)
 4 FCPATH/index.php(79): CodeIgniter\CodeIgniter->run()
 5 SYSTEMPATH/Commands/Server/rewrite.php(47): require_once('/home/jojo/Documents/GitHub/Kasir/public/index.php')
WARNING - 2024-02-22 03:55:54 --> [DEPRECATED] Creation of dynamic property App\Controllers\Produk::$satuan is deprecated in APPPATH/Controllers/Produk.php on line 15.
 1 SYSTEMPATH/CodeIgniter.php(913): App\Controllers\Produk->__construct()
 2 SYSTEMPATH/CodeIgniter.php(493): CodeIgniter\CodeIgniter->createController()
 3 SYSTEMPATH/CodeIgniter.php(361): CodeIgniter\CodeIgniter->handleRequest(null, Object(Config\Cache), false)
 4 FCPATH/index.php(79): CodeIgniter\CodeIgniter->run()
 5 SYSTEMPATH/Commands/Server/rewrite.php(47): require_once('/home/jojo/Documents/GitHub/Kasir/public/index.php')
INFO - 2024-02-22 03:58:08 --> Session: Class initialized using 'CodeIgniter\Session\Handlers\FileHandler' driver.
WARNING - 2024-02-22 03:58:08 --> [DEPRECATED] Creation of dynamic property App\Controllers\Produk::$produk is deprecated in APPPATH/Controllers/Produk.php on line 13.
 1 SYSTEMPATH/CodeIgniter.php(913): App\Controllers\Produk->__construct()
 2 SYSTEMPATH/CodeIgniter.php(493): CodeIgniter\CodeIgniter->createController()
 3 SYSTEMPATH/CodeIgniter.php(361): CodeIgniter\CodeIgniter->handleRequest(null, Object(Config\Cache), false)
 4 FCPATH/index.php(79): CodeIgniter\CodeIgniter->run()
 5 SYSTEMPATH/Commands/Server/rewrite.php(47): require_once('/home/jojo/Documents/GitHub/Kasir/public/index.php')
WARNING - 2024-02-22 03:58:08 --> [DEPRECATED] Creation of dynamic property App\Controllers\Produk::$kategori is deprecated in APPPATH/Controllers/Produk.php on line 14.
 1 SYSTEMPATH/CodeIgniter.php(913): App\Controllers\Produk->__construct()
 2 SYSTEMPATH/CodeIgniter.php(493): CodeIgniter\CodeIgniter->createController()
 3 SYSTEMPATH/CodeIgniter.php(361): CodeIgniter\CodeIgniter->handleRequest(null, Object(Config\Cache), false)
 4 FCPATH/index.php(79): CodeIgniter\CodeIgniter->run()
 5 SYSTEMPATH/Commands/Server/rewrite.php(47): require_once('/home/jojo/Documents/GitHub/Kasir/public/index.php')
WARNING - 2024-02-22 03:58:08 --> [DEPRECATED] Creation of dynamic property App\Controllers\Produk::$satuan is deprecated in APPPATH/Controllers/Produk.php on line 15.
 1 SYSTEMPATH/CodeIgniter.php(913): App\Controllers\Produk->__construct()
 2 SYSTEMPATH/CodeIgniter.php(493): CodeIgniter\CodeIgniter->createController()
 3 SYSTEMPATH/CodeIgniter.php(361): CodeIgniter\CodeIgniter->handleRequest(null, Object(Config\Cache), false)
 4 FCPATH/index.php(79): CodeIgniter\CodeIgniter->run()
 5 SYSTEMPATH/Commands/Server/rewrite.php(47): require_once('/home/jojo/Documents/GitHub/Kasir/public/index.php')
INFO - 2024-02-22 03:58:21 --> Session: Class initialized using 'CodeIgniter\Session\Handlers\FileHandler' driver.
WARNING - 2024-02-22 03:58:21 --> [DEPRECATED] Creation of dynamic property App\Controllers\Produk::$produk is deprecated in APPPATH/Controllers/Produk.php on line 13.
 1 SYSTEMPATH/CodeIgniter.php(913): App\Controllers\Produk->__construct()
 2 SYSTEMPATH/CodeIgniter.php(493): CodeIgniter\CodeIgniter->createController()
 3 SYSTEMPATH/CodeIgniter.php(361): CodeIgniter\CodeIgniter->handleRequest(null, Object(Config\Cache), false)
 4 FCPATH/index.php(79): CodeIgniter\CodeIgniter->run()
 5 SYSTEMPATH/Commands/Server/rewrite.php(47): require_once('/home/jojo/Documents/GitHub/Kasir/public/index.php')
WARNING - 2024-02-22 03:58:21 --> [DEPRECATED] Creation of dynamic property App\Controllers\Produk::$kategori is deprecated in APPPATH/Controllers/Produk.php on line 14.
 1 SYSTEMPATH/CodeIgniter.php(913): App\Controllers\Produk->__construct()
 2 SYSTEMPATH/CodeIgniter.php(493): CodeIgniter\CodeIgniter->createController()
 3 SYSTEMPATH/CodeIgniter.php(361): CodeIgniter\CodeIgniter->handleRequest(null, Object(Config\Cache), false)
 4 FCPATH/index.php(79): CodeIgniter\CodeIgniter->run()
 5 SYSTEMPATH/Commands/Server/rewrite.php(47): require_once('/home/jojo/Documents/GitHub/Kasir/public/index.php')
WARNING - 2024-02-22 03:58:21 --> [DEPRECATED] Creation of dynamic property App\Controllers\Produk::$satuan is deprecated in APPPATH/Controllers/Produk.php on line 15.
 1 SYSTEMPATH/CodeIgniter.php(913): App\Controllers\Produk->__construct()
 2 SYSTEMPATH/CodeIgniter.php(493): CodeIgniter\CodeIgniter->createController()
 3 SYSTEMPATH/CodeIgniter.php(361): CodeIgniter\CodeIgniter->handleRequest(null, Object(Config\Cache), false)
 4 FCPATH/index.php(79): CodeIgniter\CodeIgniter->run()
 5 SYSTEMPATH/Commands/Server/rewrite.php(47): require_once('/home/jojo/Documents/GitHub/Kasir/public/index.php')
INFO - 2024-02-22 03:58:38 --> Session: Class initialized using 'CodeIgniter\Session\Handlers\FileHandler' driver.
INFO - 2024-02-22 03:58:38 --> Session: Class initialized using 'CodeIgniter\Session\Handlers\FileHandler' driver.
INFO - 2024-02-22 03:58:38 --> Session: Class initialized using 'CodeIgniter\Session\Handlers\FileHandler' driver.
INFO - 2024-02-22 03:59:00 --> Session: Class initialized using 'CodeIgniter\Session\Handlers\FileHandler' driver.
WARNING - 2024-02-22 03:59:00 --> [DEPRECATED] Creation of dynamic property App\Controllers\Produk::$produk is deprecated in APPPATH/Controllers/Produk.php on line 13.
 1 SYSTEMPATH/CodeIgniter.php(913): App\Controllers\Produk->__construct()
 2 SYSTEMPATH/CodeIgniter.php(493): CodeIgniter\CodeIgniter->createController()
 3 SYSTEMPATH/CodeIgniter.php(361): CodeIgniter\CodeIgniter->handleRequest(null, Object(Config\Cache), false)
 4 FCPATH/index.php(79): CodeIgniter\CodeIgniter->run()
 5 SYSTEMPATH/Commands/Server/rewrite.php(47): require_once('/home/jojo/Documents/GitHub/Kasir/public/index.php')
WARNING - 2024-02-22 03:59:00 --> [DEPRECATED] Creation of dynamic property App\Controllers\Produk::$kategori is deprecated in APPPATH/Controllers/Produk.php on line 14.
 1 SYSTEMPATH/CodeIgniter.php(913): App\Controllers\Produk->__construct()
 2 SYSTEMPATH/CodeIgniter.php(493): CodeIgniter\CodeIgniter->createController()
 3 SYSTEMPATH/CodeIgniter.php(361): CodeIgniter\CodeIgniter->handleRequest(null, Object(Config\Cache), false)
 4 FCPATH/index.php(79): CodeIgniter\CodeIgniter->run()
 5 SYSTEMPATH/Commands/Server/rewrite.php(47): require_once('/home/jojo/Documents/GitHub/Kasir/public/index.php')
WARNING - 2024-02-22 03:59:00 --> [DEPRECATED] Creation of dynamic property App\Controllers\Produk::$satuan is deprecated in APPPATH/Controllers/Produk.php on line 15.
 1 SYSTEMPATH/CodeIgniter.php(913): App\Controllers\Produk->__construct()
 2 SYSTEMPATH/CodeIgniter.php(493): CodeIgniter\CodeIgniter->createController()
 3 SYSTEMPATH/CodeIgniter.php(361): CodeIgniter\CodeIgniter->handleRequest(null, Object(Config\Cache), false)
 4 FCPATH/index.php(79): CodeIgniter\CodeIgniter->run()
 5 SYSTEMPATH/Commands/Server/rewrite.php(47): require_once('/home/jojo/Documents/GitHub/Kasir/public/index.php')
INFO - 2024-02-22 03:59:10 --> Session: Class initialized using 'CodeIgniter\Session\Handlers\FileHandler' driver.
WARNING - 2024-02-22 03:59:10 --> [DEPRECATED] Creation of dynamic property App\Controllers\Produk::$produk is deprecated in APPPATH/Controllers/Produk.php on line 13.
 1 SYSTEMPATH/CodeIgniter.php(913): App\Controllers\Produk->__construct()
 2 SYSTEMPATH/CodeIgniter.php(493): CodeIgniter\CodeIgniter->createController()
 3 SYSTEMPATH/CodeIgniter.php(361): CodeIgniter\CodeIgniter->handleRequest(null, Object(Config\Cache), false)
 4 FCPATH/index.php(79): CodeIgniter\CodeIgniter->run()
 5 SYSTEMPATH/Commands/Server/rewrite.php(47): require_once('/home/jojo/Documents/GitHub/Kasir/public/index.php')
WARNING - 2024-02-22 03:59:10 --> [DEPRECATED] Creation of dynamic property App\Controllers\Produk::$kategori is deprecated in APPPATH/Controllers/Produk.php on line 14.
 1 SYSTEMPATH/CodeIgniter.php(913): App\Controllers\Produk->__construct()
 2 SYSTEMPATH/CodeIgniter.php(493): CodeIgniter\CodeIgniter->createController()
 3 SYSTEMPATH/CodeIgniter.php(361): CodeIgniter\CodeIgniter->handleRequest(null, Object(Config\Cache), false)
 4 FCPATH/index.php(79): CodeIgniter\CodeIgniter->run()
 5 SYSTEMPATH/Commands/Server/rewrite.php(47): require_once('/home/jojo/Documents/GitHub/Kasir/public/index.php')
WARNING - 2024-02-22 03:59:10 --> [DEPRECATED] Creation of dynamic property App\Controllers\Produk::$satuan is deprecated in APPPATH/Controllers/Produk.php on line 15.
 1 SYSTEMPATH/CodeIgniter.php(913): App\Controllers\Produk->__construct()
 2 SYSTEMPATH/CodeIgniter.php(493): CodeIgniter\CodeIgniter->createController()
 3 SYSTEMPATH/CodeIgniter.php(361): CodeIgniter\CodeIgniter->handleRequest(null, Object(Config\Cache), false)
 4 FCPATH/index.php(79): CodeIgniter\CodeIgniter->run()
 5 SYSTEMPATH/Commands/Server/rewrite.php(47): require_once('/home/jojo/Documents/GitHub/Kasir/public/index.php')
INFO - 2024-02-22 03:59:17 --> Session: Class initialized using 'CodeIgniter\Session\Handlers\FileHandler' driver.
WARNING - 2024-02-22 03:59:17 --> [DEPRECATED] Creation of dynamic property App\Controllers\Produk::$produk is deprecated in APPPATH/Controllers/Produk.php on line 13.
 1 SYSTEMPATH/CodeIgniter.php(913): App\Controllers\Produk->__construct()
 2 SYSTEMPATH/CodeIgniter.php(493): CodeIgniter\CodeIgniter->createController()
 3 SYSTEMPATH/CodeIgniter.php(361): CodeIgniter\CodeIgniter->handleRequest(null, Object(Config\Cache), false)
 4 FCPATH/index.php(79): CodeIgniter\CodeIgniter->run()
 5 SYSTEMPATH/Commands/Server/rewrite.php(47): require_once('/home/jojo/Documents/GitHub/Kasir/public/index.php')
WARNING - 2024-02-22 03:59:17 --> [DEPRECATED] Creation of dynamic property App\Controllers\Produk::$kategori is deprecated in APPPATH/Controllers/Produk.php on line 14.
 1 SYSTEMPATH/CodeIgniter.php(913): App\Controllers\Produk->__construct()
 2 SYSTEMPATH/CodeIgniter.php(493): CodeIgniter\CodeIgniter->createController()
 3 SYSTEMPATH/CodeIgniter.php(361): CodeIgniter\CodeIgniter->handleRequest(null, Object(Config\Cache), false)
 4 FCPATH/index.php(79): CodeIgniter\CodeIgniter->run()
 5 SYSTEMPATH/Commands/Server/rewrite.php(47): require_once('/home/jojo/Documents/GitHub/Kasir/public/index.php')
WARNING - 2024-02-22 03:59:17 --> [DEPRECATED] Creation of dynamic property App\Controllers\Produk::$satuan is deprecated in APPPATH/Controllers/Produk.php on line 15.
 1 SYSTEMPATH/CodeIgniter.php(913): App\Controllers\Produk->__construct()
 2 SYSTEMPATH/CodeIgniter.php(493): CodeIgniter\CodeIgniter->createController()
 3 SYSTEMPATH/CodeIgniter.php(361): CodeIgniter\CodeIgniter->handleRequest(null, Object(Config\Cache), false)
 4 FCPATH/index.php(79): CodeIgniter\CodeIgniter->run()
 5 SYSTEMPATH/Commands/Server/rewrite.php(47): require_once('/home/jojo/Documents/GitHub/Kasir/public/index.php')
INFO - 2024-02-22 04:01:46 --> Session: Class initialized using 'CodeIgniter\Session\Handlers\FileHandler' driver.
WARNING - 2024-02-22 04:01:46 --> [DEPRECATED] Creation of dynamic property App\Controllers\Produk::$produk is deprecated in APPPATH/Controllers/Produk.php on line 13.
 1 SYSTEMPATH/CodeIgniter.php(913): App\Controllers\Produk->__construct()
 2 SYSTEMPATH/CodeIgniter.php(493): CodeIgniter\CodeIgniter->createController()
 3 SYSTEMPATH/CodeIgniter.php(361): CodeIgniter\CodeIgniter->handleRequest(null, Object(Config\Cache), false)
 4 FCPATH/index.php(79): CodeIgniter\CodeIgniter->run()
 5 SYSTEMPATH/Commands/Server/rewrite.php(47): require_once('/home/jojo/Documents/GitHub/Kasir/public/index.php')
WARNING - 2024-02-22 04:01:46 --> [DEPRECATED] Creation of dynamic property App\Controllers\Produk::$kategori is deprecated in APPPATH/Controllers/Produk.php on line 14.
 1 SYSTEMPATH/CodeIgniter.php(913): App\Controllers\Produk->__construct()
 2 SYSTEMPATH/CodeIgniter.php(493): CodeIgniter\CodeIgniter->createController()
 3 SYSTEMPATH/CodeIgniter.php(361): CodeIgniter\CodeIgniter->handleRequest(null, Object(Config\Cache), false)
 4 FCPATH/index.php(79): CodeIgniter\CodeIgniter->run()
 5 SYSTEMPATH/Commands/Server/rewrite.php(47): require_once('/home/jojo/Documents/GitHub/Kasir/public/index.php')
WARNING - 2024-02-22 04:01:46 --> [DEPRECATED] Creation of dynamic property App\Controllers\Produk::$satuan is deprecated in APPPATH/Controllers/Produk.php on line 15.
 1 SYSTEMPATH/CodeIgniter.php(913): App\Controllers\Produk->__construct()
 2 SYSTEMPATH/CodeIgniter.php(493): CodeIgniter\CodeIgniter->createController()
 3 SYSTEMPATH/CodeIgniter.php(361): CodeIgniter\CodeIgniter->handleRequest(null, Object(Config\Cache), false)
 4 FCPATH/index.php(79): CodeIgniter\CodeIgniter->run()
 5 SYSTEMPATH/Commands/Server/rewrite.php(47): require_once('/home/jojo/Documents/GitHub/Kasir/public/index.php')
INFO - 2024-02-22 04:09:30 --> Session: Class initialized using 'CodeIgniter\Session\Handlers\FileHandler' driver.
WARNING - 2024-02-22 04:09:30 --> [DEPRECATED] Creation of dynamic property App\Controllers\Kategori::$kategori is deprecated in APPPATH/Controllers/Kategori.php on line 11.
 1 SYSTEMPATH/CodeIgniter.php(913): App\Controllers\Kategori->__construct()
 2 SYSTEMPATH/CodeIgniter.php(493): CodeIgniter\CodeIgniter->createController()
 3 SYSTEMPATH/CodeIgniter.php(361): CodeIgniter\CodeIgniter->handleRequest(null, Object(Config\Cache), false)
 4 FCPATH/index.php(79): CodeIgniter\CodeIgniter->run()
 5 SYSTEMPATH/Commands/Server/rewrite.php(47): require_once('/home/jojo/Documents/GitHub/Kasir/public/index.php')
INFO - 2024-02-22 04:09:45 --> Session: Class initialized using 'CodeIgniter\Session\Handlers\FileHandler' driver.
WARNING - 2024-02-22 04:09:45 --> [DEPRECATED] Creation of dynamic property App\Controllers\Satuan::$satuan is deprecated in APPPATH/Controllers/Satuan.php on line 13.
 1 SYSTEMPATH/CodeIgniter.php(913): App\Controllers\Satuan->__construct()
 2 SYSTEMPATH/CodeIgniter.php(493): CodeIgniter\CodeIgniter->createController()
 3 SYSTEMPATH/CodeIgniter.php(361): CodeIgniter\CodeIgniter->handleRequest(null, Object(Config\Cache), false)
 4 FCPATH/index.php(79): CodeIgniter\CodeIgniter->run()
 5 SYSTEMPATH/Commands/Server/rewrite.php(47): require_once('/home/jojo/Documents/GitHub/Kasir/public/index.php')
INFO - 2024-02-22 04:09:46 --> Session: Class initialized using 'CodeIgniter\Session\Handlers\FileHandler' driver.
WARNING - 2024-02-22 04:09:46 --> [DEPRECATED] Creation of dynamic property App\Controllers\Satuan::$satuan is deprecated in APPPATH/Controllers/Satuan.php on line 13.
 1 SYSTEMPATH/CodeIgniter.php(913): App\Controllers\Satuan->__construct()
 2 SYSTEMPATH/CodeIgniter.php(493): CodeIgniter\CodeIgniter->createController()
 3 SYSTEMPATH/CodeIgniter.php(361): CodeIgniter\CodeIgniter->handleRequest(null, Object(Config\Cache), false)
 4 FCPATH/index.php(79): CodeIgniter\CodeIgniter->run()
 5 SYSTEMPATH/Commands/Server/rewrite.php(47): require_once('/home/jojo/Documents/GitHub/Kasir/public/index.php')
INFO - 2024-02-22 04:09:48 --> Session: Class initialized using 'CodeIgniter\Session\Handlers\FileHandler' driver.
WARNING - 2024-02-22 04:09:48 --> [DEPRECATED] Creation of dynamic property App\Controllers\Produk::$produk is deprecated in APPPATH/Controllers/Produk.php on line 13.
 1 SYSTEMPATH/CodeIgniter.php(913): App\Controllers\Produk->__construct()
 2 SYSTEMPATH/CodeIgniter.php(493): CodeIgniter\CodeIgniter->createController()
 3 SYSTEMPATH/CodeIgniter.php(361): CodeIgniter\CodeIgniter->handleRequest(null, Object(Config\Cache), false)
 4 FCPATH/index.php(79): CodeIgniter\CodeIgniter->run()
 5 SYSTEMPATH/Commands/Server/rewrite.php(47): require_once('/home/jojo/Documents/GitHub/Kasir/public/index.php')
WARNING - 2024-02-22 04:09:48 --> [DEPRECATED] Creation of dynamic property App\Controllers\Produk::$kategori is deprecated in APPPATH/Controllers/Produk.php on line 14.
 1 SYSTEMPATH/CodeIgniter.php(913): App\Controllers\Produk->__construct()
 2 SYSTEMPATH/CodeIgniter.php(493): CodeIgniter\CodeIgniter->createController()
 3 SYSTEMPATH/CodeIgniter.php(361): CodeIgniter\CodeIgniter->handleRequest(null, Object(Config\Cache), false)
 4 FCPATH/index.php(79): CodeIgniter\CodeIgniter->run()
 5 SYSTEMPATH/Commands/Server/rewrite.php(47): require_once('/home/jojo/Documents/GitHub/Kasir/public/index.php')
WARNING - 2024-02-22 04:09:48 --> [DEPRECATED] Creation of dynamic property App\Controllers\Produk::$satuan is deprecated in APPPATH/Controllers/Produk.php on line 15.
 1 SYSTEMPATH/CodeIgniter.php(913): App\Controllers\Produk->__construct()
 2 SYSTEMPATH/CodeIgniter.php(493): CodeIgniter\CodeIgniter->createController()
 3 SYSTEMPATH/CodeIgniter.php(361): CodeIgniter\CodeIgniter->handleRequest(null, Object(Config\Cache), false)
 4 FCPATH/index.php(79): CodeIgniter\CodeIgniter->run()
 5 SYSTEMPATH/Commands/Server/rewrite.php(47): require_once('/home/jojo/Documents/GitHub/Kasir/public/index.php')
INFO - 2024-02-22 04:09:49 --> Session: Class initialized using 'CodeIgniter\Session\Handlers\FileHandler' driver.
WARNING - 2024-02-22 04:09:49 --> [DEPRECATED] Creation of dynamic property App\Controllers\Kategori::$kategori is deprecated in APPPATH/Controllers/Kategori.php on line 11.
 1 SYSTEMPATH/CodeIgniter.php(913): App\Controllers\Kategori->__construct()
 2 SYSTEMPATH/CodeIgniter.php(493): CodeIgniter\CodeIgniter->createController()
 3 SYSTEMPATH/CodeIgniter.php(361): CodeIgniter\CodeIgniter->handleRequest(null, Object(Config\Cache), false)
 4 FCPATH/index.php(79): CodeIgniter\CodeIgniter->run()
 5 SYSTEMPATH/Commands/Server/rewrite.php(47): require_once('/home/jojo/Documents/GitHub/Kasir/public/index.php')
INFO - 2024-02-22 04:09:51 --> Session: Class initialized using 'CodeIgniter\Session\Handlers\FileHandler' driver.
INFO - 2024-02-22 04:09:55 --> Session: Class initialized using 'CodeIgniter\Session\Handlers\FileHandler' driver.
WARNING - 2024-02-22 04:09:55 --> [DEPRECATED] Creation of dynamic property App\Controllers\Kategori::$kategori is deprecated in APPPATH/Controllers/Kategori.php on line 11.
 1 SYSTEMPATH/CodeIgniter.php(913): App\Controllers\Kategori->__construct()
 2 SYSTEMPATH/CodeIgniter.php(493): CodeIgniter\CodeIgniter->createController()
 3 SYSTEMPATH/CodeIgniter.php(361): CodeIgniter\CodeIgniter->handleRequest(null, Object(Config\Cache), false)
 4 FCPATH/index.php(79): CodeIgniter\CodeIgniter->run()
 5 SYSTEMPATH/Commands/Server/rewrite.php(47): require_once('/home/jojo/Documents/GitHub/Kasir/public/index.php')
INFO - 2024-02-22 04:10:15 --> Session: Class initialized using 'CodeIgniter\Session\Handlers\FileHandler' driver.
WARNING - 2024-02-22 04:10:15 --> [DEPRECATED] Creation of dynamic property App\Controllers\Kategori::$kategori is deprecated in APPPATH/Controllers/Kategori.php on line 11.
 1 SYSTEMPATH/CodeIgniter.php(913): App\Controllers\Kategori->__construct()
 2 SYSTEMPATH/CodeIgniter.php(493): CodeIgniter\CodeIgniter->createController()
 3 SYSTEMPATH/CodeIgniter.php(361): CodeIgniter\CodeIgniter->handleRequest(null, Object(Config\Cache), false)
 4 FCPATH/index.php(79): CodeIgniter\CodeIgniter->run()
 5 SYSTEMPATH/Commands/Server/rewrite.php(47): require_once('/home/jojo/Documents/GitHub/Kasir/public/index.php')
INFO - 2024-02-22 04:10:50 --> Session: Class initialized using 'CodeIgniter\Session\Handlers\FileHandler' driver.
INFO - 2024-02-22 04:12:43 --> Session: Class initialized using 'CodeIgniter\Session\Handlers\FileHandler' driver.
WARNING - 2024-02-22 04:12:43 --> [DEPRECATED] Creation of dynamic property App\Controllers\Kategori::$kategori is deprecated in APPPATH/Controllers/Kategori.php on line 11.
 1 SYSTEMPATH/CodeIgniter.php(913): App\Controllers\Kategori->__construct()
 2 SYSTEMPATH/CodeIgniter.php(493): CodeIgniter\CodeIgniter->createController()
 3 SYSTEMPATH/CodeIgniter.php(361): CodeIgniter\CodeIgniter->handleRequest(null, Object(Config\Cache), false)
 4 FCPATH/index.php(79): CodeIgniter\CodeIgniter->run()
 5 SYSTEMPATH/Commands/Server/rewrite.php(47): require_once('/home/jojo/Documents/GitHub/Kasir/public/index.php')
INFO - 2024-02-22 04:14:04 --> Session: Class initialized using 'CodeIgniter\Session\Handlers\FileHandler' driver.
WARNING - 2024-02-22 04:14:04 --> [DEPRECATED] Creation of dynamic property App\Controllers\Kategori::$kategori is deprecated in APPPATH/Controllers/Kategori.php on line 11.
 1 SYSTEMPATH/CodeIgniter.php(913): App\Controllers\Kategori->__construct()
 2 SYSTEMPATH/CodeIgniter.php(493): CodeIgniter\CodeIgniter->createController()
 3 SYSTEMPATH/CodeIgniter.php(361): CodeIgniter\CodeIgniter->handleRequest(null, Object(Config\Cache), false)
 4 FCPATH/index.php(79): CodeIgniter\CodeIgniter->run()
 5 SYSTEMPATH/Commands/Server/rewrite.php(47): require_once('/home/jojo/Documents/GitHub/Kasir/public/index.php')
INFO - 2024-02-22 04:14:06 --> Session: Class initialized using 'CodeIgniter\Session\Handlers\FileHandler' driver.
WARNING - 2024-02-22 04:14:06 --> [DEPRECATED] Creation of dynamic property App\Controllers\Kategori::$kategori is deprecated in APPPATH/Controllers/Kategori.php on line 11.
 1 SYSTEMPATH/CodeIgniter.php(913): App\Controllers\Kategori->__construct()
 2 SYSTEMPATH/CodeIgniter.php(493): CodeIgniter\CodeIgniter->createController()
 3 SYSTEMPATH/CodeIgniter.php(361): CodeIgniter\CodeIgniter->handleRequest(null, Object(Config\Cache), false)
 4 FCPATH/index.php(79): CodeIgniter\CodeIgniter->run()
 5 SYSTEMPATH/Commands/Server/rewrite.php(47): require_once('/home/jojo/Documents/GitHub/Kasir/public/index.php')
INFO - 2024-02-22 04:21:10 --> Session: Class initialized using 'CodeIgniter\Session\Handlers\FileHandler' driver.
WARNING - 2024-02-22 04:21:10 --> [DEPRECATED] Creation of dynamic property App\Controllers\Kategori::$kategori is deprecated in APPPATH/Controllers/Kategori.php on line 11.
 1 SYSTEMPATH/CodeIgniter.php(913): App\Controllers\Kategori->__construct()
 2 SYSTEMPATH/CodeIgniter.php(493): CodeIgniter\CodeIgniter->createController()
 3 SYSTEMPATH/CodeIgniter.php(361): CodeIgniter\CodeIgniter->handleRequest(null, Object(Config\Cache), false)
 4 FCPATH/index.php(79): CodeIgniter\CodeIgniter->run()
 5 SYSTEMPATH/Commands/Server/rewrite.php(47): require_once('/home/jojo/Documents/GitHub/Kasir/public/index.php')
INFO - 2024-02-22 04:21:34 --> Session: Class initialized using 'CodeIgniter\Session\Handlers\FileHandler' driver.
WARNING - 2024-02-22 04:21:34 --> [DEPRECATED] Creation of dynamic property App\Controllers\Kategori::$kategori is deprecated in APPPATH/Controllers/Kategori.php on line 11.
 1 SYSTEMPATH/CodeIgniter.php(913): App\Controllers\Kategori->__construct()
 2 SYSTEMPATH/CodeIgniter.php(493): CodeIgniter\CodeIgniter->createController()
 3 SYSTEMPATH/CodeIgniter.php(361): CodeIgniter\CodeIgniter->handleRequest(null, Object(Config\Cache), false)
 4 FCPATH/index.php(79): CodeIgniter\CodeIgniter->run()
 5 SYSTEMPATH/Commands/Server/rewrite.php(47): require_once('/home/jojo/Documents/GitHub/Kasir/public/index.php')
INFO - 2024-02-22 04:21:38 --> Session: Class initialized using 'CodeIgniter\Session\Handlers\FileHandler' driver.
WARNING - 2024-02-22 04:21:38 --> [DEPRECATED] Creation of dynamic property App\Controllers\Kategori::$kategori is deprecated in APPPATH/Controllers/Kategori.php on line 11.
 1 SYSTEMPATH/CodeIgniter.php(913): App\Controllers\Kategori->__construct()
 2 SYSTEMPATH/CodeIgniter.php(493): CodeIgniter\CodeIgniter->createController()
 3 SYSTEMPATH/CodeIgniter.php(361): CodeIgniter\CodeIgniter->handleRequest(null, Object(Config\Cache), false)
 4 FCPATH/index.php(79): CodeIgniter\CodeIgniter->run()
 5 SYSTEMPATH/Commands/Server/rewrite.php(47): require_once('/home/jojo/Documents/GitHub/Kasir/public/index.php')
INFO - 2024-02-22 04:21:42 --> Session: Class initialized using 'CodeIgniter\Session\Handlers\FileHandler' driver.
WARNING - 2024-02-22 04:21:42 --> [DEPRECATED] Creation of dynamic property App\Controllers\Kategori::$kategori is deprecated in APPPATH/Controllers/Kategori.php on line 11.
 1 SYSTEMPATH/CodeIgniter.php(913): App\Controllers\Kategori->__construct()
 2 SYSTEMPATH/CodeIgniter.php(493): CodeIgniter\CodeIgniter->createController()
 3 SYSTEMPATH/CodeIgniter.php(361): CodeIgniter\CodeIgniter->handleRequest(null, Object(Config\Cache), false)
 4 FCPATH/index.php(79): CodeIgniter\CodeIgniter->run()
 5 SYSTEMPATH/Commands/Server/rewrite.php(47): require_once('/home/jojo/Documents/GitHub/Kasir/public/index.php')
INFO - 2024-02-22 04:21:45 --> Session: Class initialized using 'CodeIgniter\Session\Handlers\FileHandler' driver.
WARNING - 2024-02-22 04:21:45 --> [DEPRECATED] Creation of dynamic property App\Controllers\Kategori::$kategori is deprecated in APPPATH/Controllers/Kategori.php on line 11.
 1 SYSTEMPATH/CodeIgniter.php(913): App\Controllers\Kategori->__construct()
 2 SYSTEMPATH/CodeIgniter.php(493): CodeIgniter\CodeIgniter->createController()
 3 SYSTEMPATH/CodeIgniter.php(361): CodeIgniter\CodeIgniter->handleRequest(null, Object(Config\Cache), false)
 4 FCPATH/index.php(79): CodeIgniter\CodeIgniter->run()
 5 SYSTEMPATH/Commands/Server/rewrite.php(47): require_once('/home/jojo/Documents/GitHub/Kasir/public/index.php')
INFO - 2024-02-22 04:21:52 --> Session: Class initialized using 'CodeIgniter\Session\Handlers\FileHandler' driver.
WARNING - 2024-02-22 04:21:52 --> [DEPRECATED] Creation of dynamic property App\Controllers\Kategori::$kategori is deprecated in APPPATH/Controllers/Kategori.php on line 11.
 1 SYSTEMPATH/CodeIgniter.php(913): App\Controllers\Kategori->__construct()
 2 SYSTEMPATH/CodeIgniter.php(493): CodeIgniter\CodeIgniter->createController()
 3 SYSTEMPATH/CodeIgniter.php(361): CodeIgniter\CodeIgniter->handleRequest(null, Object(Config\Cache), false)
 4 FCPATH/index.php(79): CodeIgniter\CodeIgniter->run()
 5 SYSTEMPATH/Commands/Server/rewrite.php(47): require_once('/home/jojo/Documents/GitHub/Kasir/public/index.php')
INFO - 2024-02-22 04:21:58 --> Session: Class initialized using 'CodeIgniter\Session\Handlers\FileHandler' driver.
WARNING - 2024-02-22 04:21:58 --> [DEPRECATED] Creation of dynamic property App\Controllers\Kategori::$kategori is deprecated in APPPATH/Controllers/Kategori.php on line 11.
 1 SYSTEMPATH/CodeIgniter.php(913): App\Controllers\Kategori->__construct()
 2 SYSTEMPATH/CodeIgniter.php(493): CodeIgniter\CodeIgniter->createController()
 3 SYSTEMPATH/CodeIgniter.php(361): CodeIgniter\CodeIgniter->handleRequest(null, Object(Config\Cache), false)
 4 FCPATH/index.php(79): CodeIgniter\CodeIgniter->run()
 5 SYSTEMPATH/Commands/Server/rewrite.php(47): require_once('/home/jojo/Documents/GitHub/Kasir/public/index.php')
