INFO - 2024-02-17 07:47:45 --> Session: Class initialized using 'CodeIgniter\Session\Handlers\FileHandler' driver.
INFO - 2024-02-17 07:47:46 --> Session: Class initialized using 'CodeIgniter\Session\Handlers\FileHandler' driver.
INFO - 2024-02-17 07:48:10 --> Session: Class initialized using 'CodeIgniter\Session\Handlers\FileHandler' driver.
INFO - 2024-02-17 07:48:10 --> Session: Class initialized using 'CodeIgniter\Session\Handlers\FileHandler' driver.
INFO - 2024-02-17 07:48:12 --> Session: Class initialized using 'CodeIgniter\Session\Handlers\FileHandler' driver.
INFO - 2024-02-17 07:48:15 --> Session: Class initialized using 'CodeIgniter\Session\Handlers\FileHandler' driver.
WARNING - 2024-02-17 07:48:15 --> [DEPRECATED] Creation of dynamic property App\Controllers\Kategori::$kategori is deprecated in APPPATH/Controllers/Kategori.php on line 11.
 1 SYSTEMPATH/CodeIgniter.php(913): App\Controllers\Kategori->__construct()
 2 SYSTEMPATH/CodeIgniter.php(493): CodeIgniter\CodeIgniter->createController()
 3 SYSTEMPATH/CodeIgniter.php(361): CodeIgniter\CodeIgniter->handleRequest(null, Object(Config\Cache), false)
 4 FCPATH/index.php(79): CodeIgniter\CodeIgniter->run()
 5 SYSTEMPATH/Commands/Server/rewrite.php(47): require_once('/home/jojo/Documents/GitHub/Kasir/public/index.php')
INFO - 2024-02-17 07:50:46 --> Session: Class initialized using 'CodeIgniter\Session\Handlers\FileHandler' driver.
INFO - 2024-02-17 07:50:47 --> Session: Class initialized using 'CodeIgniter\Session\Handlers\FileHandler' driver.
WARNING - 2024-02-17 07:50:47 --> [DEPRECATED] Creation of dynamic property App\Controllers\Kategori::$kategori is deprecated in APPPATH/Controllers/Kategori.php on line 11.
 1 SYSTEMPATH/CodeIgniter.php(913): App\Controllers\Kategori->__construct()
 2 SYSTEMPATH/CodeIgniter.php(493): CodeIgniter\CodeIgniter->createController()
 3 SYSTEMPATH/CodeIgniter.php(361): CodeIgniter\CodeIgniter->handleRequest(null, Object(Config\Cache), false)
 4 FCPATH/index.php(79): CodeIgniter\CodeIgniter->run()
 5 SYSTEMPATH/Commands/Server/rewrite.php(47): require_once('/home/jojo/Documents/GitHub/Kasir/public/index.php')
INFO - 2024-02-17 07:51:07 --> Session: Class initialized using 'CodeIgniter\Session\Handlers\FileHandler' driver.
WARNING - 2024-02-17 07:51:07 --> [DEPRECATED] Creation of dynamic property App\Controllers\Kategori::$kategori is deprecated in APPPATH/Controllers/Kategori.php on line 11.
 1 SYSTEMPATH/CodeIgniter.php(913): App\Controllers\Kategori->__construct()
 2 SYSTEMPATH/CodeIgniter.php(493): CodeIgniter\CodeIgniter->createController()
 3 SYSTEMPATH/CodeIgniter.php(361): CodeIgniter\CodeIgniter->handleRequest(null, Object(Config\Cache), false)
 4 FCPATH/index.php(79): CodeIgniter\CodeIgniter->run()
 5 SYSTEMPATH/Commands/Server/rewrite.php(47): require_once('/home/jojo/Documents/GitHub/Kasir/public/index.php')
INFO - 2024-02-17 07:51:09 --> Session: Class initialized using 'CodeIgniter\Session\Handlers\FileHandler' driver.
WARNING - 2024-02-17 07:51:09 --> [DEPRECATED] Creation of dynamic property App\Controllers\Kategori::$kategori is deprecated in APPPATH/Controllers/Kategori.php on line 11.
 1 SYSTEMPATH/CodeIgniter.php(913): App\Controllers\Kategori->__construct()
 2 SYSTEMPATH/CodeIgniter.php(493): CodeIgniter\CodeIgniter->createController()
 3 SYSTEMPATH/CodeIgniter.php(361): CodeIgniter\CodeIgniter->handleRequest(null, Object(Config\Cache), false)
 4 FCPATH/index.php(79): CodeIgniter\CodeIgniter->run()
 5 SYSTEMPATH/Commands/Server/rewrite.php(47): require_once('/home/jojo/Documents/GitHub/Kasir/public/index.php')
INFO - 2024-02-17 07:51:11 --> Session: Class initialized using 'CodeIgniter\Session\Handlers\FileHandler' driver.
WARNING - 2024-02-17 07:51:11 --> [DEPRECATED] Creation of dynamic property App\Controllers\Kategori::$kategori is deprecated in APPPATH/Controllers/Kategori.php on line 11.
 1 SYSTEMPATH/CodeIgniter.php(913): App\Controllers\Kategori->__construct()
 2 SYSTEMPATH/CodeIgniter.php(493): CodeIgniter\CodeIgniter->createController()
 3 SYSTEMPATH/CodeIgniter.php(361): CodeIgniter\CodeIgniter->handleRequest(null, Object(Config\Cache), false)
 4 FCPATH/index.php(79): CodeIgniter\CodeIgniter->run()
 5 SYSTEMPATH/Commands/Server/rewrite.php(47): require_once('/home/jojo/Documents/GitHub/Kasir/public/index.php')
INFO - 2024-02-17 07:51:14 --> Session: Class initialized using 'CodeIgniter\Session\Handlers\FileHandler' driver.
WARNING - 2024-02-17 07:51:14 --> [DEPRECATED] Creation of dynamic property App\Controllers\Kategori::$kategori is deprecated in APPPATH/Controllers/Kategori.php on line 11.
 1 SYSTEMPATH/CodeIgniter.php(913): App\Controllers\Kategori->__construct()
 2 SYSTEMPATH/CodeIgniter.php(493): CodeIgniter\CodeIgniter->createController()
 3 SYSTEMPATH/CodeIgniter.php(361): CodeIgniter\CodeIgniter->handleRequest(null, Object(Config\Cache), false)
 4 FCPATH/index.php(79): CodeIgniter\CodeIgniter->run()
 5 SYSTEMPATH/Commands/Server/rewrite.php(47): require_once('/home/jojo/Documents/GitHub/Kasir/public/index.php')
INFO - 2024-02-17 07:51:15 --> Session: Class initialized using 'CodeIgniter\Session\Handlers\FileHandler' driver.
WARNING - 2024-02-17 07:51:15 --> [DEPRECATED] Creation of dynamic property App\Controllers\Kategori::$kategori is deprecated in APPPATH/Controllers/Kategori.php on line 11.
 1 SYSTEMPATH/CodeIgniter.php(913): App\Controllers\Kategori->__construct()
 2 SYSTEMPATH/CodeIgniter.php(493): CodeIgniter\CodeIgniter->createController()
 3 SYSTEMPATH/CodeIgniter.php(361): CodeIgniter\CodeIgniter->handleRequest(null, Object(Config\Cache), false)
 4 FCPATH/index.php(79): CodeIgniter\CodeIgniter->run()
 5 SYSTEMPATH/Commands/Server/rewrite.php(47): require_once('/home/jojo/Documents/GitHub/Kasir/public/index.php')
INFO - 2024-02-17 07:51:17 --> Session: Class initialized using 'CodeIgniter\Session\Handlers\FileHandler' driver.
WARNING - 2024-02-17 07:51:17 --> [DEPRECATED] Creation of dynamic property App\Controllers\Kategori::$kategori is deprecated in APPPATH/Controllers/Kategori.php on line 11.
 1 SYSTEMPATH/CodeIgniter.php(913): App\Controllers\Kategori->__construct()
 2 SYSTEMPATH/CodeIgniter.php(493): CodeIgniter\CodeIgniter->createController()
 3 SYSTEMPATH/CodeIgniter.php(361): CodeIgniter\CodeIgniter->handleRequest(null, Object(Config\Cache), false)
 4 FCPATH/index.php(79): CodeIgniter\CodeIgniter->run()
 5 SYSTEMPATH/Commands/Server/rewrite.php(47): require_once('/home/jojo/Documents/GitHub/Kasir/public/index.php')
INFO - 2024-02-17 07:51:19 --> Session: Class initialized using 'CodeIgniter\Session\Handlers\FileHandler' driver.
WARNING - 2024-02-17 07:51:19 --> [DEPRECATED] Creation of dynamic property App\Controllers\Kategori::$kategori is deprecated in APPPATH/Controllers/Kategori.php on line 11.
 1 SYSTEMPATH/CodeIgniter.php(913): App\Controllers\Kategori->__construct()
 2 SYSTEMPATH/CodeIgniter.php(493): CodeIgniter\CodeIgniter->createController()
 3 SYSTEMPATH/CodeIgniter.php(361): CodeIgniter\CodeIgniter->handleRequest(null, Object(Config\Cache), false)
 4 FCPATH/index.php(79): CodeIgniter\CodeIgniter->run()
 5 SYSTEMPATH/Commands/Server/rewrite.php(47): require_once('/home/jojo/Documents/GitHub/Kasir/public/index.php')
INFO - 2024-02-17 07:51:22 --> Session: Class initialized using 'CodeIgniter\Session\Handlers\FileHandler' driver.
WARNING - 2024-02-17 07:51:22 --> [DEPRECATED] Creation of dynamic property App\Controllers\Kategori::$kategori is deprecated in APPPATH/Controllers/Kategori.php on line 11.
 1 SYSTEMPATH/CodeIgniter.php(913): App\Controllers\Kategori->__construct()
 2 SYSTEMPATH/CodeIgniter.php(493): CodeIgniter\CodeIgniter->createController()
 3 SYSTEMPATH/CodeIgniter.php(361): CodeIgniter\CodeIgniter->handleRequest(null, Object(Config\Cache), false)
 4 FCPATH/index.php(79): CodeIgniter\CodeIgniter->run()
 5 SYSTEMPATH/Commands/Server/rewrite.php(47): require_once('/home/jojo/Documents/GitHub/Kasir/public/index.php')
INFO - 2024-02-17 07:51:26 --> Session: Class initialized using 'CodeIgniter\Session\Handlers\FileHandler' driver.
WARNING - 2024-02-17 07:51:26 --> [DEPRECATED] Creation of dynamic property App\Controllers\Kategori::$kategori is deprecated in APPPATH/Controllers/Kategori.php on line 11.
 1 SYSTEMPATH/CodeIgniter.php(913): App\Controllers\Kategori->__construct()
 2 SYSTEMPATH/CodeIgniter.php(493): CodeIgniter\CodeIgniter->createController()
 3 SYSTEMPATH/CodeIgniter.php(361): CodeIgniter\CodeIgniter->handleRequest(null, Object(Config\Cache), false)
 4 FCPATH/index.php(79): CodeIgniter\CodeIgniter->run()
 5 SYSTEMPATH/Commands/Server/rewrite.php(47): require_once('/home/jojo/Documents/GitHub/Kasir/public/index.php')
INFO - 2024-02-17 07:51:28 --> Session: Class initialized using 'CodeIgniter\Session\Handlers\FileHandler' driver.
WARNING - 2024-02-17 07:51:28 --> [DEPRECATED] Creation of dynamic property App\Controllers\Kategori::$kategori is deprecated in APPPATH/Controllers/Kategori.php on line 11.
 1 SYSTEMPATH/CodeIgniter.php(913): App\Controllers\Kategori->__construct()
 2 SYSTEMPATH/CodeIgniter.php(493): CodeIgniter\CodeIgniter->createController()
 3 SYSTEMPATH/CodeIgniter.php(361): CodeIgniter\CodeIgniter->handleRequest(null, Object(Config\Cache), false)
 4 FCPATH/index.php(79): CodeIgniter\CodeIgniter->run()
 5 SYSTEMPATH/Commands/Server/rewrite.php(47): require_once('/home/jojo/Documents/GitHub/Kasir/public/index.php')
INFO - 2024-02-17 07:51:29 --> Session: Class initialized using 'CodeIgniter\Session\Handlers\FileHandler' driver.
WARNING - 2024-02-17 07:51:29 --> [DEPRECATED] Creation of dynamic property App\Controllers\Kategori::$kategori is deprecated in APPPATH/Controllers/Kategori.php on line 11.
 1 SYSTEMPATH/CodeIgniter.php(913): App\Controllers\Kategori->__construct()
 2 SYSTEMPATH/CodeIgniter.php(493): CodeIgniter\CodeIgniter->createController()
 3 SYSTEMPATH/CodeIgniter.php(361): CodeIgniter\CodeIgniter->handleRequest(null, Object(Config\Cache), false)
 4 FCPATH/index.php(79): CodeIgniter\CodeIgniter->run()
 5 SYSTEMPATH/Commands/Server/rewrite.php(47): require_once('/home/jojo/Documents/GitHub/Kasir/public/index.php')
INFO - 2024-02-17 07:51:30 --> Session: Class initialized using 'CodeIgniter\Session\Handlers\FileHandler' driver.
WARNING - 2024-02-17 07:51:30 --> [DEPRECATED] Creation of dynamic property App\Controllers\Kategori::$kategori is deprecated in APPPATH/Controllers/Kategori.php on line 11.
 1 SYSTEMPATH/CodeIgniter.php(913): App\Controllers\Kategori->__construct()
 2 SYSTEMPATH/CodeIgniter.php(493): CodeIgniter\CodeIgniter->createController()
 3 SYSTEMPATH/CodeIgniter.php(361): CodeIgniter\CodeIgniter->handleRequest(null, Object(Config\Cache), false)
 4 FCPATH/index.php(79): CodeIgniter\CodeIgniter->run()
 5 SYSTEMPATH/Commands/Server/rewrite.php(47): require_once('/home/jojo/Documents/GitHub/Kasir/public/index.php')
INFO - 2024-02-17 07:51:33 --> Session: Class initialized using 'CodeIgniter\Session\Handlers\FileHandler' driver.
WARNING - 2024-02-17 07:51:33 --> [DEPRECATED] Creation of dynamic property App\Controllers\Kategori::$kategori is deprecated in APPPATH/Controllers/Kategori.php on line 11.
 1 SYSTEMPATH/CodeIgniter.php(913): App\Controllers\Kategori->__construct()
 2 SYSTEMPATH/CodeIgniter.php(493): CodeIgniter\CodeIgniter->createController()
 3 SYSTEMPATH/CodeIgniter.php(361): CodeIgniter\CodeIgniter->handleRequest(null, Object(Config\Cache), false)
 4 FCPATH/index.php(79): CodeIgniter\CodeIgniter->run()
 5 SYSTEMPATH/Commands/Server/rewrite.php(47): require_once('/home/jojo/Documents/GitHub/Kasir/public/index.php')
INFO - 2024-02-17 07:54:26 --> Session: Class initialized using 'CodeIgniter\Session\Handlers\FileHandler' driver.
WARNING - 2024-02-17 07:54:26 --> [DEPRECATED] Creation of dynamic property App\Controllers\Kategori::$kategori is deprecated in APPPATH/Controllers/Kategori.php on line 11.
 1 SYSTEMPATH/CodeIgniter.php(913): App\Controllers\Kategori->__construct()
 2 SYSTEMPATH/CodeIgniter.php(493): CodeIgniter\CodeIgniter->createController()
 3 SYSTEMPATH/CodeIgniter.php(361): CodeIgniter\CodeIgniter->handleRequest(null, Object(Config\Cache), false)
 4 FCPATH/index.php(79): CodeIgniter\CodeIgniter->run()
 5 SYSTEMPATH/Commands/Server/rewrite.php(47): require_once('/home/jojo/Documents/GitHub/Kasir/public/index.php')
INFO - 2024-02-17 07:54:29 --> Session: Class initialized using 'CodeIgniter\Session\Handlers\FileHandler' driver.
WARNING - 2024-02-17 07:54:29 --> [DEPRECATED] Creation of dynamic property App\Controllers\Kategori::$kategori is deprecated in APPPATH/Controllers/Kategori.php on line 11.
 1 SYSTEMPATH/CodeIgniter.php(913): App\Controllers\Kategori->__construct()
 2 SYSTEMPATH/CodeIgniter.php(493): CodeIgniter\CodeIgniter->createController()
 3 SYSTEMPATH/CodeIgniter.php(361): CodeIgniter\CodeIgniter->handleRequest(null, Object(Config\Cache), false)
 4 FCPATH/index.php(79): CodeIgniter\CodeIgniter->run()
 5 SYSTEMPATH/Commands/Server/rewrite.php(47): require_once('/home/jojo/Documents/GitHub/Kasir/public/index.php')
INFO - 2024-02-17 07:54:30 --> Session: Class initialized using 'CodeIgniter\Session\Handlers\FileHandler' driver.
WARNING - 2024-02-17 07:54:30 --> [DEPRECATED] Creation of dynamic property App\Controllers\Kategori::$kategori is deprecated in APPPATH/Controllers/Kategori.php on line 11.
 1 SYSTEMPATH/CodeIgniter.php(913): App\Controllers\Kategori->__construct()
 2 SYSTEMPATH/CodeIgniter.php(493): CodeIgniter\CodeIgniter->createController()
 3 SYSTEMPATH/CodeIgniter.php(361): CodeIgniter\CodeIgniter->handleRequest(null, Object(Config\Cache), false)
 4 FCPATH/index.php(79): CodeIgniter\CodeIgniter->run()
 5 SYSTEMPATH/Commands/Server/rewrite.php(47): require_once('/home/jojo/Documents/GitHub/Kasir/public/index.php')
INFO - 2024-02-17 07:54:47 --> Session: Class initialized using 'CodeIgniter\Session\Handlers\FileHandler' driver.
WARNING - 2024-02-17 07:54:47 --> [DEPRECATED] Creation of dynamic property App\Controllers\Kategori::$kategori is deprecated in APPPATH/Controllers/Kategori.php on line 11.
 1 SYSTEMPATH/CodeIgniter.php(913): App\Controllers\Kategori->__construct()
 2 SYSTEMPATH/CodeIgniter.php(493): CodeIgniter\CodeIgniter->createController()
 3 SYSTEMPATH/CodeIgniter.php(361): CodeIgniter\CodeIgniter->handleRequest(null, Object(Config\Cache), false)
 4 FCPATH/index.php(79): CodeIgniter\CodeIgniter->run()
 5 SYSTEMPATH/Commands/Server/rewrite.php(47): require_once('/home/jojo/Documents/GitHub/Kasir/public/index.php')
INFO - 2024-02-17 07:55:16 --> Session: Class initialized using 'CodeIgniter\Session\Handlers\FileHandler' driver.
WARNING - 2024-02-17 07:55:16 --> [DEPRECATED] Creation of dynamic property App\Controllers\Kategori::$kategori is deprecated in APPPATH/Controllers/Kategori.php on line 11.
 1 SYSTEMPATH/CodeIgniter.php(913): App\Controllers\Kategori->__construct()
 2 SYSTEMPATH/CodeIgniter.php(493): CodeIgniter\CodeIgniter->createController()
 3 SYSTEMPATH/CodeIgniter.php(361): CodeIgniter\CodeIgniter->handleRequest(null, Object(Config\Cache), false)
 4 FCPATH/index.php(79): CodeIgniter\CodeIgniter->run()
 5 SYSTEMPATH/Commands/Server/rewrite.php(47): require_once('/home/jojo/Documents/GitHub/Kasir/public/index.php')
INFO - 2024-02-17 07:55:18 --> Session: Class initialized using 'CodeIgniter\Session\Handlers\FileHandler' driver.
WARNING - 2024-02-17 07:55:18 --> [DEPRECATED] Creation of dynamic property App\Controllers\Kategori::$kategori is deprecated in APPPATH/Controllers/Kategori.php on line 11.
 1 SYSTEMPATH/CodeIgniter.php(913): App\Controllers\Kategori->__construct()
 2 SYSTEMPATH/CodeIgniter.php(493): CodeIgniter\CodeIgniter->createController()
 3 SYSTEMPATH/CodeIgniter.php(361): CodeIgniter\CodeIgniter->handleRequest(null, Object(Config\Cache), false)
 4 FCPATH/index.php(79): CodeIgniter\CodeIgniter->run()
 5 SYSTEMPATH/Commands/Server/rewrite.php(47): require_once('/home/jojo/Documents/GitHub/Kasir/public/index.php')
INFO - 2024-02-17 07:55:21 --> Session: Class initialized using 'CodeIgniter\Session\Handlers\FileHandler' driver.
WARNING - 2024-02-17 07:55:21 --> [DEPRECATED] Creation of dynamic property App\Controllers\Kategori::$kategori is deprecated in APPPATH/Controllers/Kategori.php on line 11.
 1 SYSTEMPATH/CodeIgniter.php(913): App\Controllers\Kategori->__construct()
 2 SYSTEMPATH/CodeIgniter.php(493): CodeIgniter\CodeIgniter->createController()
 3 SYSTEMPATH/CodeIgniter.php(361): CodeIgniter\CodeIgniter->handleRequest(null, Object(Config\Cache), false)
 4 FCPATH/index.php(79): CodeIgniter\CodeIgniter->run()
 5 SYSTEMPATH/Commands/Server/rewrite.php(47): require_once('/home/jojo/Documents/GitHub/Kasir/public/index.php')
INFO - 2024-02-17 07:56:43 --> Session: Class initialized using 'CodeIgniter\Session\Handlers\FileHandler' driver.
WARNING - 2024-02-17 07:56:43 --> [DEPRECATED] Creation of dynamic property App\Controllers\Kategori::$kategori is deprecated in APPPATH/Controllers/Kategori.php on line 11.
 1 SYSTEMPATH/CodeIgniter.php(913): App\Controllers\Kategori->__construct()
 2 SYSTEMPATH/CodeIgniter.php(493): CodeIgniter\CodeIgniter->createController()
 3 SYSTEMPATH/CodeIgniter.php(361): CodeIgniter\CodeIgniter->handleRequest(null, Object(Config\Cache), false)
 4 FCPATH/index.php(79): CodeIgniter\CodeIgniter->run()
 5 SYSTEMPATH/Commands/Server/rewrite.php(47): require_once('/home/jojo/Documents/GitHub/Kasir/public/index.php')
INFO - 2024-02-17 07:58:19 --> Session: Class initialized using 'CodeIgniter\Session\Handlers\FileHandler' driver.
WARNING - 2024-02-17 07:58:19 --> [DEPRECATED] Creation of dynamic property App\Controllers\Kategori::$kategori is deprecated in APPPATH/Controllers/Kategori.php on line 11.
 1 SYSTEMPATH/CodeIgniter.php(913): App\Controllers\Kategori->__construct()
 2 SYSTEMPATH/CodeIgniter.php(493): CodeIgniter\CodeIgniter->createController()
 3 SYSTEMPATH/CodeIgniter.php(361): CodeIgniter\CodeIgniter->handleRequest(null, Object(Config\Cache), false)
 4 FCPATH/index.php(79): CodeIgniter\CodeIgniter->run()
 5 SYSTEMPATH/Commands/Server/rewrite.php(47): require_once('/home/jojo/Documents/GitHub/Kasir/public/index.php')
INFO - 2024-02-17 08:00:46 --> Session: Class initialized using 'CodeIgniter\Session\Handlers\FileHandler' driver.
WARNING - 2024-02-17 08:00:46 --> [DEPRECATED] Creation of dynamic property App\Controllers\Kategori::$kategori is deprecated in APPPATH/Controllers/Kategori.php on line 11.
 1 SYSTEMPATH/CodeIgniter.php(913): App\Controllers\Kategori->__construct()
 2 SYSTEMPATH/CodeIgniter.php(493): CodeIgniter\CodeIgniter->createController()
 3 SYSTEMPATH/CodeIgniter.php(361): CodeIgniter\CodeIgniter->handleRequest(null, Object(Config\Cache), false)
 4 FCPATH/index.php(79): CodeIgniter\CodeIgniter->run()
 5 SYSTEMPATH/Commands/Server/rewrite.php(47): require_once('/home/jojo/Documents/GitHub/Kasir/public/index.php')
INFO - 2024-02-17 08:01:55 --> Session: Class initialized using 'CodeIgniter\Session\Handlers\FileHandler' driver.
INFO - 2024-02-17 08:01:55 --> Session: Class initialized using 'CodeIgniter\Session\Handlers\FileHandler' driver.
INFO - 2024-02-17 08:01:55 --> Session: Class initialized using 'CodeIgniter\Session\Handlers\FileHandler' driver.
INFO - 2024-02-17 08:02:36 --> Session: Class initialized using 'CodeIgniter\Session\Handlers\FileHandler' driver.
WARNING - 2024-02-17 08:02:36 --> [DEPRECATED] Creation of dynamic property App\Controllers\Kategori::$kategori is deprecated in APPPATH/Controllers/Kategori.php on line 11.
 1 SYSTEMPATH/CodeIgniter.php(913): App\Controllers\Kategori->__construct()
 2 SYSTEMPATH/CodeIgniter.php(493): CodeIgniter\CodeIgniter->createController()
 3 SYSTEMPATH/CodeIgniter.php(361): CodeIgniter\CodeIgniter->handleRequest(null, Object(Config\Cache), false)
 4 FCPATH/index.php(79): CodeIgniter\CodeIgniter->run()
 5 SYSTEMPATH/Commands/Server/rewrite.php(47): require_once('/home/jojo/Documents/GitHub/Kasir/public/index.php')
INFO - 2024-02-17 08:04:08 --> Session: Class initialized using 'CodeIgniter\Session\Handlers\FileHandler' driver.
WARNING - 2024-02-17 08:04:08 --> [DEPRECATED] Creation of dynamic property App\Controllers\Kategori::$kategori is deprecated in APPPATH/Controllers/Kategori.php on line 11.
 1 SYSTEMPATH/CodeIgniter.php(913): App\Controllers\Kategori->__construct()
 2 SYSTEMPATH/CodeIgniter.php(493): CodeIgniter\CodeIgniter->createController()
 3 SYSTEMPATH/CodeIgniter.php(361): CodeIgniter\CodeIgniter->handleRequest(null, Object(Config\Cache), false)
 4 FCPATH/index.php(79): CodeIgniter\CodeIgniter->run()
 5 SYSTEMPATH/Commands/Server/rewrite.php(47): require_once('/home/jojo/Documents/GitHub/Kasir/public/index.php')
INFO - 2024-02-17 08:10:36 --> Session: Class initialized using 'CodeIgniter\Session\Handlers\FileHandler' driver.
WARNING - 2024-02-17 08:10:36 --> [DEPRECATED] Creation of dynamic property App\Controllers\Kategori::$kategori is deprecated in APPPATH/Controllers/Kategori.php on line 11.
 1 SYSTEMPATH/CodeIgniter.php(913): App\Controllers\Kategori->__construct()
 2 SYSTEMPATH/CodeIgniter.php(493): CodeIgniter\CodeIgniter->createController()
 3 SYSTEMPATH/CodeIgniter.php(361): CodeIgniter\CodeIgniter->handleRequest(null, Object(Config\Cache), false)
 4 FCPATH/index.php(79): CodeIgniter\CodeIgniter->run()
 5 SYSTEMPATH/Commands/Server/rewrite.php(47): require_once('/home/jojo/Documents/GitHub/Kasir/public/index.php')
INFO - 2024-02-17 08:11:50 --> Session: Class initialized using 'CodeIgniter\Session\Handlers\FileHandler' driver.
WARNING - 2024-02-17 08:11:50 --> [DEPRECATED] Creation of dynamic property App\Controllers\Kategori::$kategori is deprecated in APPPATH/Controllers/Kategori.php on line 11.
 1 SYSTEMPATH/CodeIgniter.php(913): App\Controllers\Kategori->__construct()
 2 SYSTEMPATH/CodeIgniter.php(493): CodeIgniter\CodeIgniter->createController()
 3 SYSTEMPATH/CodeIgniter.php(361): CodeIgniter\CodeIgniter->handleRequest(null, Object(Config\Cache), false)
 4 FCPATH/index.php(79): CodeIgniter\CodeIgniter->run()
 5 SYSTEMPATH/Commands/Server/rewrite.php(47): require_once('/home/jojo/Documents/GitHub/Kasir/public/index.php')
INFO - 2024-02-17 08:13:08 --> Session: Class initialized using 'CodeIgniter\Session\Handlers\FileHandler' driver.
WARNING - 2024-02-17 08:13:08 --> [DEPRECATED] Creation of dynamic property App\Controllers\Kategori::$kategori is deprecated in APPPATH/Controllers/Kategori.php on line 11.
 1 SYSTEMPATH/CodeIgniter.php(913): App\Controllers\Kategori->__construct()
 2 SYSTEMPATH/CodeIgniter.php(493): CodeIgniter\CodeIgniter->createController()
 3 SYSTEMPATH/CodeIgniter.php(361): CodeIgniter\CodeIgniter->handleRequest(null, Object(Config\Cache), false)
 4 FCPATH/index.php(79): CodeIgniter\CodeIgniter->run()
 5 SYSTEMPATH/Commands/Server/rewrite.php(47): require_once('/home/jojo/Documents/GitHub/Kasir/public/index.php')
INFO - 2024-02-17 08:13:22 --> Session: Class initialized using 'CodeIgniter\Session\Handlers\FileHandler' driver.
WARNING - 2024-02-17 08:13:22 --> [DEPRECATED] Creation of dynamic property App\Controllers\Kategori::$kategori is deprecated in APPPATH/Controllers/Kategori.php on line 11.
 1 SYSTEMPATH/CodeIgniter.php(913): App\Controllers\Kategori->__construct()
 2 SYSTEMPATH/CodeIgniter.php(493): CodeIgniter\CodeIgniter->createController()
 3 SYSTEMPATH/CodeIgniter.php(361): CodeIgniter\CodeIgniter->handleRequest(null, Object(Config\Cache), false)
 4 FCPATH/index.php(79): CodeIgniter\CodeIgniter->run()
 5 SYSTEMPATH/Commands/Server/rewrite.php(47): require_once('/home/jojo/Documents/GitHub/Kasir/public/index.php')
INFO - 2024-02-17 08:13:56 --> Session: Class initialized using 'CodeIgniter\Session\Handlers\FileHandler' driver.
WARNING - 2024-02-17 08:13:56 --> [DEPRECATED] Creation of dynamic property App\Controllers\Kategori::$kategori is deprecated in APPPATH/Controllers/Kategori.php on line 11.
 1 SYSTEMPATH/CodeIgniter.php(913): App\Controllers\Kategori->__construct()
 2 SYSTEMPATH/CodeIgniter.php(493): CodeIgniter\CodeIgniter->createController()
 3 SYSTEMPATH/CodeIgniter.php(361): CodeIgniter\CodeIgniter->handleRequest(null, Object(Config\Cache), false)
 4 FCPATH/index.php(79): CodeIgniter\CodeIgniter->run()
 5 SYSTEMPATH/Commands/Server/rewrite.php(47): require_once('/home/jojo/Documents/GitHub/Kasir/public/index.php')
INFO - 2024-02-17 08:14:28 --> Session: Class initialized using 'CodeIgniter\Session\Handlers\FileHandler' driver.
WARNING - 2024-02-17 08:14:28 --> [DEPRECATED] Creation of dynamic property App\Controllers\Kategori::$kategori is deprecated in APPPATH/Controllers/Kategori.php on line 11.
 1 SYSTEMPATH/CodeIgniter.php(913): App\Controllers\Kategori->__construct()
 2 SYSTEMPATH/CodeIgniter.php(493): CodeIgniter\CodeIgniter->createController()
 3 SYSTEMPATH/CodeIgniter.php(361): CodeIgniter\CodeIgniter->handleRequest(null, Object(Config\Cache), false)
 4 FCPATH/index.php(79): CodeIgniter\CodeIgniter->run()
 5 SYSTEMPATH/Commands/Server/rewrite.php(47): require_once('/home/jojo/Documents/GitHub/Kasir/public/index.php')
INFO - 2024-02-17 08:14:46 --> Session: Class initialized using 'CodeIgniter\Session\Handlers\FileHandler' driver.
WARNING - 2024-02-17 08:14:46 --> [DEPRECATED] Creation of dynamic property App\Controllers\Kategori::$kategori is deprecated in APPPATH/Controllers/Kategori.php on line 11.
 1 SYSTEMPATH/CodeIgniter.php(913): App\Controllers\Kategori->__construct()
 2 SYSTEMPATH/CodeIgniter.php(493): CodeIgniter\CodeIgniter->createController()
 3 SYSTEMPATH/CodeIgniter.php(361): CodeIgniter\CodeIgniter->handleRequest(null, Object(Config\Cache), false)
 4 FCPATH/index.php(79): CodeIgniter\CodeIgniter->run()
 5 SYSTEMPATH/Commands/Server/rewrite.php(47): require_once('/home/jojo/Documents/GitHub/Kasir/public/index.php')
INFO - 2024-02-17 08:15:26 --> Session: Class initialized using 'CodeIgniter\Session\Handlers\FileHandler' driver.
WARNING - 2024-02-17 08:15:26 --> [DEPRECATED] Creation of dynamic property App\Controllers\Kategori::$kategori is deprecated in APPPATH/Controllers/Kategori.php on line 11.
 1 SYSTEMPATH/CodeIgniter.php(913): App\Controllers\Kategori->__construct()
 2 SYSTEMPATH/CodeIgniter.php(493): CodeIgniter\CodeIgniter->createController()
 3 SYSTEMPATH/CodeIgniter.php(361): CodeIgniter\CodeIgniter->handleRequest(null, Object(Config\Cache), false)
 4 FCPATH/index.php(79): CodeIgniter\CodeIgniter->run()
 5 SYSTEMPATH/Commands/Server/rewrite.php(47): require_once('/home/jojo/Documents/GitHub/Kasir/public/index.php')
INFO - 2024-02-17 08:15:57 --> Session: Class initialized using 'CodeIgniter\Session\Handlers\FileHandler' driver.
WARNING - 2024-02-17 08:15:57 --> [DEPRECATED] Creation of dynamic property App\Controllers\Kategori::$kategori is deprecated in APPPATH/Controllers/Kategori.php on line 11.
 1 SYSTEMPATH/CodeIgniter.php(913): App\Controllers\Kategori->__construct()
 2 SYSTEMPATH/CodeIgniter.php(493): CodeIgniter\CodeIgniter->createController()
 3 SYSTEMPATH/CodeIgniter.php(361): CodeIgniter\CodeIgniter->handleRequest(null, Object(Config\Cache), false)
 4 FCPATH/index.php(79): CodeIgniter\CodeIgniter->run()
 5 SYSTEMPATH/Commands/Server/rewrite.php(47): require_once('/home/jojo/Documents/GitHub/Kasir/public/index.php')
INFO - 2024-02-17 08:27:28 --> Session: Class initialized using 'CodeIgniter\Session\Handlers\FileHandler' driver.
WARNING - 2024-02-17 08:27:28 --> [DEPRECATED] Creation of dynamic property App\Controllers\Kategori::$kategori is deprecated in APPPATH/Controllers/Kategori.php on line 11.
 1 SYSTEMPATH/CodeIgniter.php(913): App\Controllers\Kategori->__construct()
 2 SYSTEMPATH/CodeIgniter.php(493): CodeIgniter\CodeIgniter->createController()
 3 SYSTEMPATH/CodeIgniter.php(361): CodeIgniter\CodeIgniter->handleRequest(null, Object(Config\Cache), false)
 4 FCPATH/index.php(79): CodeIgniter\CodeIgniter->run()
 5 SYSTEMPATH/Commands/Server/rewrite.php(47): require_once('/home/jojo/Documents/GitHub/Kasir/public/index.php')
INFO - 2024-02-17 08:27:42 --> Session: Class initialized using 'CodeIgniter\Session\Handlers\FileHandler' driver.
WARNING - 2024-02-17 08:27:42 --> [DEPRECATED] Creation of dynamic property App\Controllers\Kategori::$kategori is deprecated in APPPATH/Controllers/Kategori.php on line 11.
 1 SYSTEMPATH/CodeIgniter.php(913): App\Controllers\Kategori->__construct()
 2 SYSTEMPATH/CodeIgniter.php(493): CodeIgniter\CodeIgniter->createController()
 3 SYSTEMPATH/CodeIgniter.php(361): CodeIgniter\CodeIgniter->handleRequest(null, Object(Config\Cache), false)
 4 FCPATH/index.php(79): CodeIgniter\CodeIgniter->run()
 5 SYSTEMPATH/Commands/Server/rewrite.php(47): require_once('/home/jojo/Documents/GitHub/Kasir/public/index.php')
INFO - 2024-02-17 08:30:36 --> Session: Class initialized using 'CodeIgniter\Session\Handlers\FileHandler' driver.
WARNING - 2024-02-17 08:30:36 --> [DEPRECATED] Creation of dynamic property App\Controllers\Kategori::$kategori is deprecated in APPPATH/Controllers/Kategori.php on line 11.
 1 SYSTEMPATH/CodeIgniter.php(913): App\Controllers\Kategori->__construct()
 2 SYSTEMPATH/CodeIgniter.php(493): CodeIgniter\CodeIgniter->createController()
 3 SYSTEMPATH/CodeIgniter.php(361): CodeIgniter\CodeIgniter->handleRequest(null, Object(Config\Cache), false)
 4 FCPATH/index.php(79): CodeIgniter\CodeIgniter->run()
 5 SYSTEMPATH/Commands/Server/rewrite.php(47): require_once('/home/jojo/Documents/GitHub/Kasir/public/index.php')
INFO - 2024-02-17 08:30:39 --> Session: Class initialized using 'CodeIgniter\Session\Handlers\FileHandler' driver.
INFO - 2024-02-17 08:30:41 --> Session: Class initialized using 'CodeIgniter\Session\Handlers\FileHandler' driver.
WARNING - 2024-02-17 08:30:41 --> [DEPRECATED] Creation of dynamic property App\Controllers\Kategori::$kategori is deprecated in APPPATH/Controllers/Kategori.php on line 11.
 1 SYSTEMPATH/CodeIgniter.php(913): App\Controllers\Kategori->__construct()
 2 SYSTEMPATH/CodeIgniter.php(493): CodeIgniter\CodeIgniter->createController()
 3 SYSTEMPATH/CodeIgniter.php(361): CodeIgniter\CodeIgniter->handleRequest(null, Object(Config\Cache), false)
 4 FCPATH/index.php(79): CodeIgniter\CodeIgniter->run()
 5 SYSTEMPATH/Commands/Server/rewrite.php(47): require_once('/home/jojo/Documents/GitHub/Kasir/public/index.php')
INFO - 2024-02-17 08:30:57 --> Session: Class initialized using 'CodeIgniter\Session\Handlers\FileHandler' driver.
WARNING - 2024-02-17 08:30:57 --> [DEPRECATED] Creation of dynamic property App\Controllers\Kategori::$kategori is deprecated in APPPATH/Controllers/Kategori.php on line 11.
 1 SYSTEMPATH/CodeIgniter.php(913): App\Controllers\Kategori->__construct()
 2 SYSTEMPATH/CodeIgniter.php(493): CodeIgniter\CodeIgniter->createController()
 3 SYSTEMPATH/CodeIgniter.php(361): CodeIgniter\CodeIgniter->handleRequest(null, Object(Config\Cache), false)
 4 FCPATH/index.php(79): CodeIgniter\CodeIgniter->run()
 5 SYSTEMPATH/Commands/Server/rewrite.php(47): require_once('/home/jojo/Documents/GitHub/Kasir/public/index.php')
INFO - 2024-02-17 08:31:06 --> Session: Class initialized using 'CodeIgniter\Session\Handlers\FileHandler' driver.
WARNING - 2024-02-17 08:31:06 --> [DEPRECATED] Creation of dynamic property App\Controllers\Kategori::$kategori is deprecated in APPPATH/Controllers/Kategori.php on line 11.
 1 SYSTEMPATH/CodeIgniter.php(913): App\Controllers\Kategori->__construct()
 2 SYSTEMPATH/CodeIgniter.php(493): CodeIgniter\CodeIgniter->createController()
 3 SYSTEMPATH/CodeIgniter.php(361): CodeIgniter\CodeIgniter->handleRequest(null, Object(Config\Cache), false)
 4 FCPATH/index.php(79): CodeIgniter\CodeIgniter->run()
 5 SYSTEMPATH/Commands/Server/rewrite.php(47): require_once('/home/jojo/Documents/GitHub/Kasir/public/index.php')
INFO - 2024-02-17 08:31:49 --> Session: Class initialized using 'CodeIgniter\Session\Handlers\FileHandler' driver.
WARNING - 2024-02-17 08:31:49 --> [DEPRECATED] Creation of dynamic property App\Controllers\Kategori::$kategori is deprecated in APPPATH/Controllers/Kategori.php on line 11.
 1 SYSTEMPATH/CodeIgniter.php(913): App\Controllers\Kategori->__construct()
 2 SYSTEMPATH/CodeIgniter.php(493): CodeIgniter\CodeIgniter->createController()
 3 SYSTEMPATH/CodeIgniter.php(361): CodeIgniter\CodeIgniter->handleRequest(null, Object(Config\Cache), false)
 4 FCPATH/index.php(79): CodeIgniter\CodeIgniter->run()
 5 SYSTEMPATH/Commands/Server/rewrite.php(47): require_once('/home/jojo/Documents/GitHub/Kasir/public/index.php')
INFO - 2024-02-17 08:32:28 --> Session: Class initialized using 'CodeIgniter\Session\Handlers\FileHandler' driver.
WARNING - 2024-02-17 08:32:28 --> [DEPRECATED] Creation of dynamic property App\Controllers\Kategori::$kategori is deprecated in APPPATH/Controllers/Kategori.php on line 11.
 1 SYSTEMPATH/CodeIgniter.php(913): App\Controllers\Kategori->__construct()
 2 SYSTEMPATH/CodeIgniter.php(493): CodeIgniter\CodeIgniter->createController()
 3 SYSTEMPATH/CodeIgniter.php(361): CodeIgniter\CodeIgniter->handleRequest(null, Object(Config\Cache), false)
 4 FCPATH/index.php(79): CodeIgniter\CodeIgniter->run()
 5 SYSTEMPATH/Commands/Server/rewrite.php(47): require_once('/home/jojo/Documents/GitHub/Kasir/public/index.php')
INFO - 2024-02-17 08:32:38 --> Session: Class initialized using 'CodeIgniter\Session\Handlers\FileHandler' driver.
WARNING - 2024-02-17 08:32:38 --> [DEPRECATED] Creation of dynamic property App\Controllers\Kategori::$kategori is deprecated in APPPATH/Controllers/Kategori.php on line 11.
 1 SYSTEMPATH/CodeIgniter.php(913): App\Controllers\Kategori->__construct()
 2 SYSTEMPATH/CodeIgniter.php(493): CodeIgniter\CodeIgniter->createController()
 3 SYSTEMPATH/CodeIgniter.php(361): CodeIgniter\CodeIgniter->handleRequest(null, Object(Config\Cache), false)
 4 FCPATH/index.php(79): CodeIgniter\CodeIgniter->run()
 5 SYSTEMPATH/Commands/Server/rewrite.php(47): require_once('/home/jojo/Documents/GitHub/Kasir/public/index.php')
INFO - 2024-02-17 08:32:39 --> Session: Class initialized using 'CodeIgniter\Session\Handlers\FileHandler' driver.
WARNING - 2024-02-17 08:32:39 --> [DEPRECATED] Creation of dynamic property App\Controllers\Kategori::$kategori is deprecated in APPPATH/Controllers/Kategori.php on line 11.
 1 SYSTEMPATH/CodeIgniter.php(913): App\Controllers\Kategori->__construct()
 2 SYSTEMPATH/CodeIgniter.php(493): CodeIgniter\CodeIgniter->createController()
 3 SYSTEMPATH/CodeIgniter.php(361): CodeIgniter\CodeIgniter->handleRequest(null, Object(Config\Cache), false)
 4 FCPATH/index.php(79): CodeIgniter\CodeIgniter->run()
 5 SYSTEMPATH/Commands/Server/rewrite.php(47): require_once('/home/jojo/Documents/GitHub/Kasir/public/index.php')
INFO - 2024-02-17 08:32:41 --> Session: Class initialized using 'CodeIgniter\Session\Handlers\FileHandler' driver.
WARNING - 2024-02-17 08:32:41 --> [DEPRECATED] Creation of dynamic property App\Controllers\Kategori::$kategori is deprecated in APPPATH/Controllers/Kategori.php on line 11.
 1 SYSTEMPATH/CodeIgniter.php(913): App\Controllers\Kategori->__construct()
 2 SYSTEMPATH/CodeIgniter.php(493): CodeIgniter\CodeIgniter->createController()
 3 SYSTEMPATH/CodeIgniter.php(361): CodeIgniter\CodeIgniter->handleRequest(null, Object(Config\Cache), false)
 4 FCPATH/index.php(79): CodeIgniter\CodeIgniter->run()
 5 SYSTEMPATH/Commands/Server/rewrite.php(47): require_once('/home/jojo/Documents/GitHub/Kasir/public/index.php')
INFO - 2024-02-17 08:36:10 --> Session: Class initialized using 'CodeIgniter\Session\Handlers\FileHandler' driver.
WARNING - 2024-02-17 08:36:10 --> [DEPRECATED] Creation of dynamic property App\Controllers\Kategori::$kategori is deprecated in APPPATH/Controllers/Kategori.php on line 11.
 1 SYSTEMPATH/CodeIgniter.php(913): App\Controllers\Kategori->__construct()
 2 SYSTEMPATH/CodeIgniter.php(493): CodeIgniter\CodeIgniter->createController()
 3 SYSTEMPATH/CodeIgniter.php(361): CodeIgniter\CodeIgniter->handleRequest(null, Object(Config\Cache), false)
 4 FCPATH/index.php(79): CodeIgniter\CodeIgniter->run()
 5 SYSTEMPATH/Commands/Server/rewrite.php(47): require_once('/home/jojo/Documents/GitHub/Kasir/public/index.php')
INFO - 2024-02-17 08:37:49 --> Session: Class initialized using 'CodeIgniter\Session\Handlers\FileHandler' driver.
WARNING - 2024-02-17 08:37:49 --> [DEPRECATED] Creation of dynamic property App\Controllers\Kategori::$kategori is deprecated in APPPATH/Controllers/Kategori.php on line 11.
 1 SYSTEMPATH/CodeIgniter.php(913): App\Controllers\Kategori->__construct()
 2 SYSTEMPATH/CodeIgniter.php(493): CodeIgniter\CodeIgniter->createController()
 3 SYSTEMPATH/CodeIgniter.php(361): CodeIgniter\CodeIgniter->handleRequest(null, Object(Config\Cache), false)
 4 FCPATH/index.php(79): CodeIgniter\CodeIgniter->run()
 5 SYSTEMPATH/Commands/Server/rewrite.php(47): require_once('/home/jojo/Documents/GitHub/Kasir/public/index.php')
INFO - 2024-02-17 08:37:56 --> Session: Class initialized using 'CodeIgniter\Session\Handlers\FileHandler' driver.
INFO - 2024-02-17 08:38:39 --> Session: Class initialized using 'CodeIgniter\Session\Handlers\FileHandler' driver.
WARNING - 2024-02-17 08:38:39 --> [DEPRECATED] Creation of dynamic property App\Controllers\Kategori::$kategori is deprecated in APPPATH/Controllers/Kategori.php on line 11.
 1 SYSTEMPATH/CodeIgniter.php(913): App\Controllers\Kategori->__construct()
 2 SYSTEMPATH/CodeIgniter.php(493): CodeIgniter\CodeIgniter->createController()
 3 SYSTEMPATH/CodeIgniter.php(361): CodeIgniter\CodeIgniter->handleRequest(null, Object(Config\Cache), false)
 4 FCPATH/index.php(79): CodeIgniter\CodeIgniter->run()
 5 SYSTEMPATH/Commands/Server/rewrite.php(47): require_once('/home/jojo/Documents/GitHub/Kasir/public/index.php')
INFO - 2024-02-17 08:38:40 --> Session: Class initialized using 'CodeIgniter\Session\Handlers\FileHandler' driver.
WARNING - 2024-02-17 08:38:40 --> [DEPRECATED] Creation of dynamic property App\Controllers\Kategori::$kategori is deprecated in APPPATH/Controllers/Kategori.php on line 11.
 1 SYSTEMPATH/CodeIgniter.php(913): App\Controllers\Kategori->__construct()
 2 SYSTEMPATH/CodeIgniter.php(493): CodeIgniter\CodeIgniter->createController()
 3 SYSTEMPATH/CodeIgniter.php(361): CodeIgniter\CodeIgniter->handleRequest(null, Object(Config\Cache), false)
 4 FCPATH/index.php(79): CodeIgniter\CodeIgniter->run()
 5 SYSTEMPATH/Commands/Server/rewrite.php(47): require_once('/home/jojo/Documents/GitHub/Kasir/public/index.php')
INFO - 2024-02-17 08:39:05 --> Session: Class initialized using 'CodeIgniter\Session\Handlers\FileHandler' driver.
WARNING - 2024-02-17 08:39:05 --> [DEPRECATED] Creation of dynamic property App\Controllers\Kategori::$kategori is deprecated in APPPATH/Controllers/Kategori.php on line 11.
 1 SYSTEMPATH/CodeIgniter.php(913): App\Controllers\Kategori->__construct()
 2 SYSTEMPATH/CodeIgniter.php(493): CodeIgniter\CodeIgniter->createController()
 3 SYSTEMPATH/CodeIgniter.php(361): CodeIgniter\CodeIgniter->handleRequest(null, Object(Config\Cache), false)
 4 FCPATH/index.php(79): CodeIgniter\CodeIgniter->run()
 5 SYSTEMPATH/Commands/Server/rewrite.php(47): require_once('/home/jojo/Documents/GitHub/Kasir/public/index.php')
INFO - 2024-02-17 08:39:06 --> Session: Class initialized using 'CodeIgniter\Session\Handlers\FileHandler' driver.
WARNING - 2024-02-17 08:39:06 --> [DEPRECATED] Creation of dynamic property App\Controllers\Kategori::$kategori is deprecated in APPPATH/Controllers/Kategori.php on line 11.
 1 SYSTEMPATH/CodeIgniter.php(913): App\Controllers\Kategori->__construct()
 2 SYSTEMPATH/CodeIgniter.php(493): CodeIgniter\CodeIgniter->createController()
 3 SYSTEMPATH/CodeIgniter.php(361): CodeIgniter\CodeIgniter->handleRequest(null, Object(Config\Cache), false)
 4 FCPATH/index.php(79): CodeIgniter\CodeIgniter->run()
 5 SYSTEMPATH/Commands/Server/rewrite.php(47): require_once('/home/jojo/Documents/GitHub/Kasir/public/index.php')
INFO - 2024-02-17 08:39:53 --> Session: Class initialized using 'CodeIgniter\Session\Handlers\FileHandler' driver.
WARNING - 2024-02-17 08:39:53 --> [DEPRECATED] Creation of dynamic property App\Controllers\Kategori::$kategori is deprecated in APPPATH/Controllers/Kategori.php on line 11.
 1 SYSTEMPATH/CodeIgniter.php(913): App\Controllers\Kategori->__construct()
 2 SYSTEMPATH/CodeIgniter.php(493): CodeIgniter\CodeIgniter->createController()
 3 SYSTEMPATH/CodeIgniter.php(361): CodeIgniter\CodeIgniter->handleRequest(null, Object(Config\Cache), false)
 4 FCPATH/index.php(79): CodeIgniter\CodeIgniter->run()
 5 SYSTEMPATH/Commands/Server/rewrite.php(47): require_once('/home/jojo/Documents/GitHub/Kasir/public/index.php')
INFO - 2024-02-17 08:42:05 --> Session: Class initialized using 'CodeIgniter\Session\Handlers\FileHandler' driver.
WARNING - 2024-02-17 08:42:05 --> [DEPRECATED] Creation of dynamic property App\Controllers\Kategori::$kategori is deprecated in APPPATH/Controllers/Kategori.php on line 11.
 1 SYSTEMPATH/CodeIgniter.php(913): App\Controllers\Kategori->__construct()
 2 SYSTEMPATH/CodeIgniter.php(493): CodeIgniter\CodeIgniter->createController()
 3 SYSTEMPATH/CodeIgniter.php(361): CodeIgniter\CodeIgniter->handleRequest(null, Object(Config\Cache), false)
 4 FCPATH/index.php(79): CodeIgniter\CodeIgniter->run()
 5 SYSTEMPATH/Commands/Server/rewrite.php(47): require_once('/home/jojo/Documents/GitHub/Kasir/public/index.php')
INFO - 2024-02-17 08:42:06 --> Session: Class initialized using 'CodeIgniter\Session\Handlers\FileHandler' driver.
WARNING - 2024-02-17 08:42:06 --> [DEPRECATED] Creation of dynamic property App\Controllers\Kategori::$kategori is deprecated in APPPATH/Controllers/Kategori.php on line 11.
 1 SYSTEMPATH/CodeIgniter.php(913): App\Controllers\Kategori->__construct()
 2 SYSTEMPATH/CodeIgniter.php(493): CodeIgniter\CodeIgniter->createController()
 3 SYSTEMPATH/CodeIgniter.php(361): CodeIgniter\CodeIgniter->handleRequest(null, Object(Config\Cache), false)
 4 FCPATH/index.php(79): CodeIgniter\CodeIgniter->run()
 5 SYSTEMPATH/Commands/Server/rewrite.php(47): require_once('/home/jojo/Documents/GitHub/Kasir/public/index.php')
INFO - 2024-02-17 08:43:19 --> Session: Class initialized using 'CodeIgniter\Session\Handlers\FileHandler' driver.
WARNING - 2024-02-17 08:43:19 --> [DEPRECATED] Creation of dynamic property App\Controllers\Kategori::$kategori is deprecated in APPPATH/Controllers/Kategori.php on line 11.
 1 SYSTEMPATH/CodeIgniter.php(913): App\Controllers\Kategori->__construct()
 2 SYSTEMPATH/CodeIgniter.php(493): CodeIgniter\CodeIgniter->createController()
 3 SYSTEMPATH/CodeIgniter.php(361): CodeIgniter\CodeIgniter->handleRequest(null, Object(Config\Cache), false)
 4 FCPATH/index.php(79): CodeIgniter\CodeIgniter->run()
 5 SYSTEMPATH/Commands/Server/rewrite.php(47): require_once('/home/jojo/Documents/GitHub/Kasir/public/index.php')
INFO - 2024-02-17 08:43:20 --> Session: Class initialized using 'CodeIgniter\Session\Handlers\FileHandler' driver.
WARNING - 2024-02-17 08:43:20 --> [DEPRECATED] Creation of dynamic property App\Controllers\Kategori::$kategori is deprecated in APPPATH/Controllers/Kategori.php on line 11.
 1 SYSTEMPATH/CodeIgniter.php(913): App\Controllers\Kategori->__construct()
 2 SYSTEMPATH/CodeIgniter.php(493): CodeIgniter\CodeIgniter->createController()
 3 SYSTEMPATH/CodeIgniter.php(361): CodeIgniter\CodeIgniter->handleRequest(null, Object(Config\Cache), false)
 4 FCPATH/index.php(79): CodeIgniter\CodeIgniter->run()
 5 SYSTEMPATH/Commands/Server/rewrite.php(47): require_once('/home/jojo/Documents/GitHub/Kasir/public/index.php')
INFO - 2024-02-17 08:43:23 --> Session: Class initialized using 'CodeIgniter\Session\Handlers\FileHandler' driver.
WARNING - 2024-02-17 08:43:23 --> [DEPRECATED] Creation of dynamic property App\Controllers\Kategori::$kategori is deprecated in APPPATH/Controllers/Kategori.php on line 11.
 1 SYSTEMPATH/CodeIgniter.php(913): App\Controllers\Kategori->__construct()
 2 SYSTEMPATH/CodeIgniter.php(493): CodeIgniter\CodeIgniter->createController()
 3 SYSTEMPATH/CodeIgniter.php(361): CodeIgniter\CodeIgniter->handleRequest(null, Object(Config\Cache), false)
 4 FCPATH/index.php(79): CodeIgniter\CodeIgniter->run()
 5 SYSTEMPATH/Commands/Server/rewrite.php(47): require_once('/home/jojo/Documents/GitHub/Kasir/public/index.php')
INFO - 2024-02-17 08:48:22 --> Session: Class initialized using 'CodeIgniter\Session\Handlers\FileHandler' driver.
WARNING - 2024-02-17 08:48:22 --> [DEPRECATED] Creation of dynamic property App\Controllers\Kategori::$kategori is deprecated in APPPATH/Controllers/Kategori.php on line 11.
 1 SYSTEMPATH/CodeIgniter.php(913): App\Controllers\Kategori->__construct()
 2 SYSTEMPATH/CodeIgniter.php(493): CodeIgniter\CodeIgniter->createController()
 3 SYSTEMPATH/CodeIgniter.php(361): CodeIgniter\CodeIgniter->handleRequest(null, Object(Config\Cache), false)
 4 FCPATH/index.php(79): CodeIgniter\CodeIgniter->run()
 5 SYSTEMPATH/Commands/Server/rewrite.php(47): require_once('/home/jojo/Documents/GitHub/Kasir/public/index.php')
